#
# There is insufficient memory for the Java Runtime Environment to continue.
# Native memory allocation (malloc) failed to allocate 32744 bytes for ChunkPool::allocate
# Possible reasons:
#   The system is out of physical RAM or swap space
#   The process is running with CompressedOops enabled, and the Java Heap may be blocking the growth of the native heap
# Possible solutions:
#   Reduce memory load on the system
#   Increase physical memory or swap space
#   Check if swap backing store is full
#   Decrease Java heap size (-Xmx/-Xms)
#   Decrease number of Java threads
#   Decrease Java thread stack sizes (-Xss)
#   Set larger code cache with -XX:ReservedCodeCacheSize=
#   JVM is running with Unscaled Compressed Oops mode in which the Java heap is
#     placed in the first 4GB address space. The Java Heap base address is the
#     maximum limit for the native heap growth. Please use -XX:HeapBaseMinAddress
#     to set the Java Heap base and to place the Java Heap above 4GB virtual address.
# This output file may be truncated or incomplete.
#
#  Out of Memory Error (./src/hotspot/share/memory/arena.cpp:81), pid=10988, tid=18128
#
# JRE version: OpenJDK Runtime Environment (11.0.10) (build 11.0.10+0-b96-7249189)
# Java VM: OpenJDK 64-Bit Server VM (11.0.10+0-b96-7249189, mixed mode, tiered, compressed oops, g1 gc, windows-amd64)
# No core dump will be written. Minidumps are not enabled by default on client versions of Windows
#

---------------  S U M M A R Y ------------

Command Line: -Dorg.gradle.appname=gradlew org.gradle.wrapper.GradleWrapperMain -q -Ptarget-platform=android-arm64 -Ptarget=C:\Users\user\Desktop\vote_test\lib\main.dart -Pbase-application-name=android.app.Application -Pdart-defines=Zmx1dHRlci5pbnNwZWN0b3Iuc3RydWN0dXJlZEVycm9ycz10cnVl,RkxVVFRFUl9XRUJfQVVUT19ERVRFQ1Q9dHJ1ZQ== -Pdart-obfuscation=false -Pextra-front-end-options=--no-sound-null-safety -Ptrack-widget-creation=true -Ptree-shake-icons=false -Pfilesystem-scheme=org-dartlang-root assembleDebug

Host: Intel(R) Core(TM) i5-8265U CPU @ 1.60GHz, 8 cores, 7G,  Windows 10 , 64 bit Build 19041 (10.0.19041.1889)
Time: Thu Sep  1 06:47:02 2022 台北標準時間 elapsed time: 6.770234 seconds (0d 0h 0m 6s)

---------------  T H R E A D  ---------------

Current thread (0x000002643ff51000):  JavaThread "C2 CompilerThread0" daemon [_thread_in_native, id=18128, stack(0x000000bbf2300000,0x000000bbf2400000)]


Current CompileTask:
C2:   6770 1114       4       java.lang.ref.Reference::<init> (25 bytes)

Stack: [0x000000bbf2300000,0x000000bbf2400000]
Native frames: (J=compiled Java code, j=interpreted, Vv=VM code, C=native code)
V  [jvm.dll+0x5ecfaa]
V  [jvm.dll+0x722bd5]
V  [jvm.dll+0x72412d]
V  [jvm.dll+0x7247e3]
V  [jvm.dll+0x242928]
V  [jvm.dll+0xbc75b]
V  [jvm.dll+0xbca0c]
V  [jvm.dll+0x4ea0f5]
V  [jvm.dll+0x320b02]
V  [jvm.dll+0x31ffca]
V  [jvm.dll+0x1fb602]
V  [jvm.dll+0x1fa7f4]
V  [jvm.dll+0x18354c]
V  [jvm.dll+0x208ee7]
V  [jvm.dll+0x207731]
V  [jvm.dll+0x6eb1cf]
V  [jvm.dll+0x6e3d45]
V  [jvm.dll+0x5ebe96]
C  [ucrtbase.dll+0x21bb2]
C  [KERNEL32.DLL+0x17034]
C  [ntdll.dll+0x52651]


---------------  P R O C E S S  ---------------

Threads class SMR info:
_java_thread_list=0x0000026440e4a730, length=12, elements={
0x0000026425330000, 0x000002643f65c000, 0x000002643f65d800, 0x000002643f682800,
0x000002643ff49800, 0x000002643ff4a000, 0x000002643ff51000, 0x000002643ff61000,
0x000002643f688000, 0x00000264400d2800, 0x0000026440989000, 0x0000026440a1f800
}

Java Threads: ( => current thread )
  0x0000026425330000 JavaThread "main" [_thread_in_native, id=18372, stack(0x000000bbf1700000,0x000000bbf1800000)]
  0x000002643f65c000 JavaThread "Reference Handler" daemon [_thread_blocked, id=11104, stack(0x000000bbf1e00000,0x000000bbf1f00000)]
  0x000002643f65d800 JavaThread "Finalizer" daemon [_thread_blocked, id=14292, stack(0x000000bbf1f00000,0x000000bbf2000000)]
  0x000002643f682800 JavaThread "Signal Dispatcher" daemon [_thread_blocked, id=12660, stack(0x000000bbf2000000,0x000000bbf2100000)]
  0x000002643ff49800 JavaThread "Attach Listener" daemon [_thread_blocked, id=7416, stack(0x000000bbf2100000,0x000000bbf2200000)]
  0x000002643ff4a000 JavaThread "Service Thread" daemon [_thread_blocked, id=11484, stack(0x000000bbf2200000,0x000000bbf2300000)]
=>0x000002643ff51000 JavaThread "C2 CompilerThread0" daemon [_thread_in_native, id=18128, stack(0x000000bbf2300000,0x000000bbf2400000)]
  0x000002643ff61000 JavaThread "C1 CompilerThread0" daemon [_thread_blocked, id=6960, stack(0x000000bbf2400000,0x000000bbf2500000)]
  0x000002643f688000 JavaThread "Sweeper thread" daemon [_thread_blocked, id=26384, stack(0x000000bbf2500000,0x000000bbf2600000)]
  0x00000264400d2800 JavaThread "Common-Cleaner" daemon [_thread_blocked, id=17144, stack(0x000000bbf2700000,0x000000bbf2800000)]
  0x0000026440989000 JavaThread "pool-1-thread-1" [_thread_blocked, id=14768, stack(0x000000bbf2800000,0x000000bbf2900000)]
  0x0000026440a1f800 JavaThread "Forward input" [_thread_blocked, id=24184, stack(0x000000bbf3000000,0x000000bbf3100000)]

Other Threads:
  0x000002643f639800 VMThread "VM Thread" [stack: 0x000000bbf1d00000,0x000000bbf1e00000] [id=22040]
  0x00000264400db000 WatcherThread [stack: 0x000000bbf2600000,0x000000bbf2700000] [id=26108]
  0x0000026425345800 GCTaskThread "GC Thread#0" [stack: 0x000000bbf1800000,0x000000bbf1900000] [id=26376]
  0x0000026440946800 GCTaskThread "GC Thread#1" [stack: 0x000000bbf2900000,0x000000bbf2a00000] [id=9260]
  0x00000264409c5800 GCTaskThread "GC Thread#2" [stack: 0x000000bbf2a00000,0x000000bbf2b00000] [id=14760]
  0x0000026440aa0800 GCTaskThread "GC Thread#3" [stack: 0x000000bbf2b00000,0x000000bbf2c00000] [id=20712]
  0x0000026425378000 ConcurrentGCThread "G1 Main Marker" [stack: 0x000000bbf1900000,0x000000bbf1a00000] [id=13188]
  0x0000026425379800 ConcurrentGCThread "G1 Conc#0" [stack: 0x000000bbf1a00000,0x000000bbf1b00000] [id=26596]
  0x000002643f4a0800 ConcurrentGCThread "G1 Refine#0" [stack: 0x000000bbf1b00000,0x000000bbf1c00000] [id=14116]
  0x000002643f4a1800 ConcurrentGCThread "G1 Young RemSet Sampling" [stack: 0x000000bbf1c00000,0x000000bbf1d00000] [id=20040]

Threads with active compile tasks:
C2 CompilerThread0   6814 1114       4       java.lang.ref.Reference::<init> (25 bytes)

VM state:not at safepoint (normal execution)

VM Mutex/Monitor currently owned by a thread: None

Heap address: 0x0000000082400000, size: 2012 MB, Compressed Oops mode: 32-bit
Narrow klass base: 0x0000000000000000, Narrow klass shift: 3
Compressed class space size: 1073741824 Address: 0x0000000100000000

Heap:
 garbage-first heap   total 129024K, used 21121K [0x0000000082400000, 0x0000000100000000)
  region size 1024K, 16 young (16384K), 3 survivors (3072K)
 Metaspace       used 15046K, capacity 15408K, committed 15488K, reserved 1062912K
  class space    used 1733K, capacity 1861K, committed 1920K, reserved 1048576K
Heap Regions: E=young(eden), S=young(survivor), O=old, HS=humongous(starts), HC=humongous(continues), CS=collection set, F=free, A=archive, TAMS=top-at-mark-start (previous, next)
|   0|0x0000000082400000, 0x0000000082400000, 0x0000000082500000|  0%| F|  |TAMS 0x0000000082400000, 0x0000000082400000| Untracked 
|   1|0x0000000082500000, 0x0000000082500000, 0x0000000082600000|  0%| F|  |TAMS 0x0000000082500000, 0x0000000082500000| Untracked 
|   2|0x0000000082600000, 0x0000000082600000, 0x0000000082700000|  0%| F|  |TAMS 0x0000000082600000, 0x0000000082600000| Untracked 
|   3|0x0000000082700000, 0x0000000082800000, 0x0000000082800000|100%|HS|  |TAMS 0x0000000082700000, 0x0000000082700000| Complete 
|   4|0x0000000082800000, 0x0000000082900000, 0x0000000082900000|100%|HC|  |TAMS 0x0000000082800000, 0x0000000082800000| Complete 
|   5|0x0000000082900000, 0x0000000082a00000, 0x0000000082a00000|100%|HC|  |TAMS 0x0000000082900000, 0x0000000082900000| Complete 
|   6|0x0000000082a00000, 0x0000000082b00000, 0x0000000082b00000|100%| O|  |TAMS 0x0000000082a00000, 0x0000000082a00000| Untracked 
|   7|0x0000000082b00000, 0x0000000082c00000, 0x0000000082c00000|100%| O|  |TAMS 0x0000000082b00000, 0x0000000082b00000| Untracked 
|   8|0x0000000082c00000, 0x0000000082ca0400, 0x0000000082d00000| 62%| O|  |TAMS 0x0000000082c00000, 0x0000000082c00000| Untracked 
|   9|0x0000000082d00000, 0x0000000082d00000, 0x0000000082e00000|  0%| F|  |TAMS 0x0000000082d00000, 0x0000000082d00000| Untracked 
|  10|0x0000000082e00000, 0x0000000082e00000, 0x0000000082f00000|  0%| F|  |TAMS 0x0000000082e00000, 0x0000000082e00000| Untracked 
|  11|0x0000000082f00000, 0x0000000082f00000, 0x0000000083000000|  0%| F|  |TAMS 0x0000000082f00000, 0x0000000082f00000| Untracked 
|  12|0x0000000083000000, 0x0000000083000000, 0x0000000083100000|  0%| F|  |TAMS 0x0000000083000000, 0x0000000083000000| Untracked 
|  13|0x0000000083100000, 0x0000000083100000, 0x0000000083200000|  0%| F|  |TAMS 0x0000000083100000, 0x0000000083100000| Untracked 
|  14|0x0000000083200000, 0x0000000083200000, 0x0000000083300000|  0%| F|  |TAMS 0x0000000083200000, 0x0000000083200000| Untracked 
|  15|0x0000000083300000, 0x0000000083300000, 0x0000000083400000|  0%| F|  |TAMS 0x0000000083300000, 0x0000000083300000| Untracked 
|  16|0x0000000083400000, 0x0000000083400000, 0x0000000083500000|  0%| F|  |TAMS 0x0000000083400000, 0x0000000083400000| Untracked 
|  17|0x0000000083500000, 0x0000000083500000, 0x0000000083600000|  0%| F|  |TAMS 0x0000000083500000, 0x0000000083500000| Untracked 
|  18|0x0000000083600000, 0x0000000083600000, 0x0000000083700000|  0%| F|  |TAMS 0x0000000083600000, 0x0000000083600000| Untracked 
|  19|0x0000000083700000, 0x0000000083700000, 0x0000000083800000|  0%| F|  |TAMS 0x0000000083700000, 0x0000000083700000| Untracked 
|  20|0x0000000083800000, 0x0000000083800000, 0x0000000083900000|  0%| F|  |TAMS 0x0000000083800000, 0x0000000083800000| Untracked 
|  21|0x0000000083900000, 0x0000000083900000, 0x0000000083a00000|  0%| F|  |TAMS 0x0000000083900000, 0x0000000083900000| Untracked 
|  22|0x0000000083a00000, 0x0000000083a00000, 0x0000000083b00000|  0%| F|  |TAMS 0x0000000083a00000, 0x0000000083a00000| Untracked 
|  23|0x0000000083b00000, 0x0000000083b00000, 0x0000000083c00000|  0%| F|  |TAMS 0x0000000083b00000, 0x0000000083b00000| Untracked 
|  24|0x0000000083c00000, 0x0000000083c00000, 0x0000000083d00000|  0%| F|  |TAMS 0x0000000083c00000, 0x0000000083c00000| Untracked 
|  25|0x0000000083d00000, 0x0000000083d00000, 0x0000000083e00000|  0%| F|  |TAMS 0x0000000083d00000, 0x0000000083d00000| Untracked 
|  26|0x0000000083e00000, 0x0000000083e00000, 0x0000000083f00000|  0%| F|  |TAMS 0x0000000083e00000, 0x0000000083e00000| Untracked 
|  27|0x0000000083f00000, 0x0000000083f00000, 0x0000000084000000|  0%| F|  |TAMS 0x0000000083f00000, 0x0000000083f00000| Untracked 
|  28|0x0000000084000000, 0x0000000084000000, 0x0000000084100000|  0%| F|  |TAMS 0x0000000084000000, 0x0000000084000000| Untracked 
|  29|0x0000000084100000, 0x0000000084100000, 0x0000000084200000|  0%| F|  |TAMS 0x0000000084100000, 0x0000000084100000| Untracked 
|  30|0x0000000084200000, 0x0000000084200000, 0x0000000084300000|  0%| F|  |TAMS 0x0000000084200000, 0x0000000084200000| Untracked 
|  31|0x0000000084300000, 0x0000000084300000, 0x0000000084400000|  0%| F|  |TAMS 0x0000000084300000, 0x0000000084300000| Untracked 
|  32|0x0000000084400000, 0x0000000084400000, 0x0000000084500000|  0%| F|  |TAMS 0x0000000084400000, 0x0000000084400000| Untracked 
|  33|0x0000000084500000, 0x0000000084500000, 0x0000000084600000|  0%| F|  |TAMS 0x0000000084500000, 0x0000000084500000| Untracked 
|  34|0x0000000084600000, 0x0000000084600000, 0x0000000084700000|  0%| F|  |TAMS 0x0000000084600000, 0x0000000084600000| Untracked 
|  35|0x0000000084700000, 0x0000000084700000, 0x0000000084800000|  0%| F|  |TAMS 0x0000000084700000, 0x0000000084700000| Untracked 
|  36|0x0000000084800000, 0x0000000084800000, 0x0000000084900000|  0%| F|  |TAMS 0x0000000084800000, 0x0000000084800000| Untracked 
|  37|0x0000000084900000, 0x0000000084900000, 0x0000000084a00000|  0%| F|  |TAMS 0x0000000084900000, 0x0000000084900000| Untracked 
|  38|0x0000000084a00000, 0x0000000084a00000, 0x0000000084b00000|  0%| F|  |TAMS 0x0000000084a00000, 0x0000000084a00000| Untracked 
|  39|0x0000000084b00000, 0x0000000084b00000, 0x0000000084c00000|  0%| F|  |TAMS 0x0000000084b00000, 0x0000000084b00000| Untracked 
|  40|0x0000000084c00000, 0x0000000084c00000, 0x0000000084d00000|  0%| F|  |TAMS 0x0000000084c00000, 0x0000000084c00000| Untracked 
|  41|0x0000000084d00000, 0x0000000084d00000, 0x0000000084e00000|  0%| F|  |TAMS 0x0000000084d00000, 0x0000000084d00000| Untracked 
|  42|0x0000000084e00000, 0x0000000084e00000, 0x0000000084f00000|  0%| F|  |TAMS 0x0000000084e00000, 0x0000000084e00000| Untracked 
|  43|0x0000000084f00000, 0x0000000084f00000, 0x0000000085000000|  0%| F|  |TAMS 0x0000000084f00000, 0x0000000084f00000| Untracked 
|  44|0x0000000085000000, 0x0000000085000000, 0x0000000085100000|  0%| F|  |TAMS 0x0000000085000000, 0x0000000085000000| Untracked 
|  45|0x0000000085100000, 0x0000000085100000, 0x0000000085200000|  0%| F|  |TAMS 0x0000000085100000, 0x0000000085100000| Untracked 
|  46|0x0000000085200000, 0x0000000085200000, 0x0000000085300000|  0%| F|  |TAMS 0x0000000085200000, 0x0000000085200000| Untracked 
|  47|0x0000000085300000, 0x0000000085300000, 0x0000000085400000|  0%| F|  |TAMS 0x0000000085300000, 0x0000000085300000| Untracked 
|  48|0x0000000085400000, 0x0000000085400000, 0x0000000085500000|  0%| F|  |TAMS 0x0000000085400000, 0x0000000085400000| Untracked 
|  49|0x0000000085500000, 0x0000000085500000, 0x0000000085600000|  0%| F|  |TAMS 0x0000000085500000, 0x0000000085500000| Untracked 
|  50|0x0000000085600000, 0x0000000085600000, 0x0000000085700000|  0%| F|  |TAMS 0x0000000085600000, 0x0000000085600000| Untracked 
|  51|0x0000000085700000, 0x0000000085700000, 0x0000000085800000|  0%| F|  |TAMS 0x0000000085700000, 0x0000000085700000| Untracked 
|  52|0x0000000085800000, 0x0000000085800000, 0x0000000085900000|  0%| F|  |TAMS 0x0000000085800000, 0x0000000085800000| Untracked 
|  53|0x0000000085900000, 0x0000000085900000, 0x0000000085a00000|  0%| F|  |TAMS 0x0000000085900000, 0x0000000085900000| Untracked 
|  54|0x0000000085a00000, 0x0000000085a00000, 0x0000000085b00000|  0%| F|  |TAMS 0x0000000085a00000, 0x0000000085a00000| Untracked 
|  55|0x0000000085b00000, 0x0000000085b00000, 0x0000000085c00000|  0%| F|  |TAMS 0x0000000085b00000, 0x0000000085b00000| Untracked 
|  56|0x0000000085c00000, 0x0000000085c00000, 0x0000000085d00000|  0%| F|  |TAMS 0x0000000085c00000, 0x0000000085c00000| Untracked 
|  57|0x0000000085d00000, 0x0000000085d00000, 0x0000000085e00000|  0%| F|  |TAMS 0x0000000085d00000, 0x0000000085d00000| Untracked 
|  58|0x0000000085e00000, 0x0000000085e00000, 0x0000000085f00000|  0%| F|  |TAMS 0x0000000085e00000, 0x0000000085e00000| Untracked 
|  59|0x0000000085f00000, 0x0000000085f00000, 0x0000000086000000|  0%| F|  |TAMS 0x0000000085f00000, 0x0000000085f00000| Untracked 
|  60|0x0000000086000000, 0x0000000086000000, 0x0000000086100000|  0%| F|  |TAMS 0x0000000086000000, 0x0000000086000000| Untracked 
|  61|0x0000000086100000, 0x0000000086100000, 0x0000000086200000|  0%| F|  |TAMS 0x0000000086100000, 0x0000000086100000| Untracked 
|  62|0x0000000086200000, 0x0000000086200000, 0x0000000086300000|  0%| F|  |TAMS 0x0000000086200000, 0x0000000086200000| Untracked 
|  63|0x0000000086300000, 0x0000000086300000, 0x0000000086400000|  0%| F|  |TAMS 0x0000000086300000, 0x0000000086300000| Untracked 
|  64|0x0000000086400000, 0x0000000086400000, 0x0000000086500000|  0%| F|  |TAMS 0x0000000086400000, 0x0000000086400000| Untracked 
|  65|0x0000000086500000, 0x0000000086500000, 0x0000000086600000|  0%| F|  |TAMS 0x0000000086500000, 0x0000000086500000| Untracked 
|  66|0x0000000086600000, 0x0000000086600000, 0x0000000086700000|  0%| F|  |TAMS 0x0000000086600000, 0x0000000086600000| Untracked 
|  67|0x0000000086700000, 0x0000000086700000, 0x0000000086800000|  0%| F|  |TAMS 0x0000000086700000, 0x0000000086700000| Untracked 
|  68|0x0000000086800000, 0x0000000086800000, 0x0000000086900000|  0%| F|  |TAMS 0x0000000086800000, 0x0000000086800000| Untracked 
|  69|0x0000000086900000, 0x0000000086900000, 0x0000000086a00000|  0%| F|  |TAMS 0x0000000086900000, 0x0000000086900000| Untracked 
|  70|0x0000000086a00000, 0x0000000086a00000, 0x0000000086b00000|  0%| F|  |TAMS 0x0000000086a00000, 0x0000000086a00000| Untracked 
|  71|0x0000000086b00000, 0x0000000086b00000, 0x0000000086c00000|  0%| F|  |TAMS 0x0000000086b00000, 0x0000000086b00000| Untracked 
|  72|0x0000000086c00000, 0x0000000086c00000, 0x0000000086d00000|  0%| F|  |TAMS 0x0000000086c00000, 0x0000000086c00000| Untracked 
|  73|0x0000000086d00000, 0x0000000086d00000, 0x0000000086e00000|  0%| F|  |TAMS 0x0000000086d00000, 0x0000000086d00000| Untracked 
|  74|0x0000000086e00000, 0x0000000086e00000, 0x0000000086f00000|  0%| F|  |TAMS 0x0000000086e00000, 0x0000000086e00000| Untracked 
|  75|0x0000000086f00000, 0x0000000086f00000, 0x0000000087000000|  0%| F|  |TAMS 0x0000000086f00000, 0x0000000086f00000| Untracked 
|  76|0x0000000087000000, 0x0000000087000000, 0x0000000087100000|  0%| F|  |TAMS 0x0000000087000000, 0x0000000087000000| Untracked 
|  77|0x0000000087100000, 0x0000000087100000, 0x0000000087200000|  0%| F|  |TAMS 0x0000000087100000, 0x0000000087100000| Untracked 
|  78|0x0000000087200000, 0x0000000087200000, 0x0000000087300000|  0%| F|  |TAMS 0x0000000087200000, 0x0000000087200000| Untracked 
|  79|0x0000000087300000, 0x0000000087300000, 0x0000000087400000|  0%| F|  |TAMS 0x0000000087300000, 0x0000000087300000| Untracked 
|  80|0x0000000087400000, 0x0000000087400000, 0x0000000087500000|  0%| F|  |TAMS 0x0000000087400000, 0x0000000087400000| Untracked 
|  81|0x0000000087500000, 0x0000000087500000, 0x0000000087600000|  0%| F|  |TAMS 0x0000000087500000, 0x0000000087500000| Untracked 
|  82|0x0000000087600000, 0x0000000087600000, 0x0000000087700000|  0%| F|  |TAMS 0x0000000087600000, 0x0000000087600000| Untracked 
|  83|0x0000000087700000, 0x0000000087700000, 0x0000000087800000|  0%| F|  |TAMS 0x0000000087700000, 0x0000000087700000| Untracked 
|  84|0x0000000087800000, 0x0000000087800000, 0x0000000087900000|  0%| F|  |TAMS 0x0000000087800000, 0x0000000087800000| Untracked 
|  85|0x0000000087900000, 0x0000000087900000, 0x0000000087a00000|  0%| F|  |TAMS 0x0000000087900000, 0x0000000087900000| Untracked 
|  86|0x0000000087a00000, 0x0000000087a00000, 0x0000000087b00000|  0%| F|  |TAMS 0x0000000087a00000, 0x0000000087a00000| Untracked 
|  87|0x0000000087b00000, 0x0000000087b00000, 0x0000000087c00000|  0%| F|  |TAMS 0x0000000087b00000, 0x0000000087b00000| Untracked 
|  88|0x0000000087c00000, 0x0000000087c00000, 0x0000000087d00000|  0%| F|  |TAMS 0x0000000087c00000, 0x0000000087c00000| Untracked 
|  89|0x0000000087d00000, 0x0000000087d00000, 0x0000000087e00000|  0%| F|  |TAMS 0x0000000087d00000, 0x0000000087d00000| Untracked 
|  90|0x0000000087e00000, 0x0000000087e00000, 0x0000000087f00000|  0%| F|  |TAMS 0x0000000087e00000, 0x0000000087e00000| Untracked 
|  91|0x0000000087f00000, 0x0000000087f00000, 0x0000000088000000|  0%| F|  |TAMS 0x0000000087f00000, 0x0000000087f00000| Untracked 
|  92|0x0000000088000000, 0x0000000088000000, 0x0000000088100000|  0%| F|  |TAMS 0x0000000088000000, 0x0000000088000000| Untracked 
|  93|0x0000000088100000, 0x0000000088100000, 0x0000000088200000|  0%| F|  |TAMS 0x0000000088100000, 0x0000000088100000| Untracked 
|  94|0x0000000088200000, 0x0000000088200000, 0x0000000088300000|  0%| F|  |TAMS 0x0000000088200000, 0x0000000088200000| Untracked 
|  95|0x0000000088300000, 0x0000000088300000, 0x0000000088400000|  0%| F|  |TAMS 0x0000000088300000, 0x0000000088300000| Untracked 
|  96|0x0000000088400000, 0x0000000088400000, 0x0000000088500000|  0%| F|  |TAMS 0x0000000088400000, 0x0000000088400000| Untracked 
|  97|0x0000000088500000, 0x0000000088500000, 0x0000000088600000|  0%| F|  |TAMS 0x0000000088500000, 0x0000000088500000| Untracked 
|  98|0x0000000088600000, 0x0000000088600000, 0x0000000088700000|  0%| F|  |TAMS 0x0000000088600000, 0x0000000088600000| Untracked 
|  99|0x0000000088700000, 0x0000000088800000, 0x0000000088800000|100%| S|CS|TAMS 0x0000000088700000, 0x0000000088700000| Complete 
| 100|0x0000000088800000, 0x0000000088900000, 0x0000000088900000|100%| S|CS|TAMS 0x0000000088800000, 0x0000000088800000| Complete 
| 101|0x0000000088900000, 0x0000000088a00000, 0x0000000088a00000|100%| S|CS|TAMS 0x0000000088900000, 0x0000000088900000| Complete 
| 102|0x0000000088a00000, 0x0000000088a00000, 0x0000000088b00000|  0%| F|  |TAMS 0x0000000088a00000, 0x0000000088a00000| Untracked 
| 103|0x0000000088b00000, 0x0000000088b00000, 0x0000000088c00000|  0%| F|  |TAMS 0x0000000088b00000, 0x0000000088b00000| Untracked 
| 104|0x0000000088c00000, 0x0000000088c00000, 0x0000000088d00000|  0%| F|  |TAMS 0x0000000088c00000, 0x0000000088c00000| Untracked 
| 105|0x0000000088d00000, 0x0000000088d00000, 0x0000000088e00000|  0%| F|  |TAMS 0x0000000088d00000, 0x0000000088d00000| Untracked 
| 106|0x0000000088e00000, 0x0000000088e00000, 0x0000000088f00000|  0%| F|  |TAMS 0x0000000088e00000, 0x0000000088e00000| Untracked 
| 107|0x0000000088f00000, 0x0000000088f00000, 0x0000000089000000|  0%| F|  |TAMS 0x0000000088f00000, 0x0000000088f00000| Untracked 
| 108|0x0000000089000000, 0x0000000089000000, 0x0000000089100000|  0%| F|  |TAMS 0x0000000089000000, 0x0000000089000000| Untracked 
| 109|0x0000000089100000, 0x0000000089100000, 0x0000000089200000|  0%| F|  |TAMS 0x0000000089100000, 0x0000000089100000| Untracked 
| 110|0x0000000089200000, 0x0000000089200000, 0x0000000089300000|  0%| F|  |TAMS 0x0000000089200000, 0x0000000089200000| Untracked 
| 111|0x0000000089300000, 0x0000000089300000, 0x0000000089400000|  0%| F|  |TAMS 0x0000000089300000, 0x0000000089300000| Untracked 
| 112|0x0000000089400000, 0x0000000089400000, 0x0000000089500000|  0%| F|  |TAMS 0x0000000089400000, 0x0000000089400000| Untracked 
| 113|0x0000000089500000, 0x0000000089500800, 0x0000000089600000|  0%| E|  |TAMS 0x0000000089500000, 0x0000000089500000| Complete 
| 114|0x0000000089600000, 0x0000000089700000, 0x0000000089700000|100%| E|CS|TAMS 0x0000000089600000, 0x0000000089600000| Complete 
| 115|0x0000000089700000, 0x0000000089800000, 0x0000000089800000|100%| E|CS|TAMS 0x0000000089700000, 0x0000000089700000| Complete 
| 116|0x0000000089800000, 0x0000000089900000, 0x0000000089900000|100%| E|CS|TAMS 0x0000000089800000, 0x0000000089800000| Complete 
| 117|0x0000000089900000, 0x0000000089a00000, 0x0000000089a00000|100%| E|CS|TAMS 0x0000000089900000, 0x0000000089900000| Complete 
| 118|0x0000000089a00000, 0x0000000089b00000, 0x0000000089b00000|100%| E|CS|TAMS 0x0000000089a00000, 0x0000000089a00000| Complete 
| 119|0x0000000089b00000, 0x0000000089c00000, 0x0000000089c00000|100%| E|CS|TAMS 0x0000000089b00000, 0x0000000089b00000| Complete 
| 120|0x0000000089c00000, 0x0000000089d00000, 0x0000000089d00000|100%| E|CS|TAMS 0x0000000089c00000, 0x0000000089c00000| Complete 
| 121|0x0000000089d00000, 0x0000000089e00000, 0x0000000089e00000|100%| E|CS|TAMS 0x0000000089d00000, 0x0000000089d00000| Complete 
| 122|0x0000000089e00000, 0x0000000089f00000, 0x0000000089f00000|100%| E|CS|TAMS 0x0000000089e00000, 0x0000000089e00000| Complete 
| 123|0x0000000089f00000, 0x000000008a000000, 0x000000008a000000|100%| E|CS|TAMS 0x0000000089f00000, 0x0000000089f00000| Complete 
| 124|0x000000008a000000, 0x000000008a100000, 0x000000008a100000|100%| E|CS|TAMS 0x000000008a000000, 0x000000008a000000| Complete 
| 125|0x000000008a100000, 0x000000008a200000, 0x000000008a200000|100%| E|CS|TAMS 0x000000008a100000, 0x000000008a100000| Complete 

Card table byte_map: [0x0000026438550000,0x0000026438940000] _byte_map_base: 0x000002643813e000

Marking Bits (Prev, Next): (CMBitMap*) 0x000002642536f408, (CMBitMap*) 0x000002642536f440
 Prev Bits: [0x0000026438d30000, 0x000002643aca0000)
 Next Bits: [0x000002643aca0000, 0x000002643cc10000)

Polling page: 0x0000026423300000

Metaspace:

Usage:
  Non-class:     13.23 MB capacity,    13.00 MB ( 98%) used,   213.99 KB (  2%) free+waste,    20.19 KB ( <1%) overhead. 
      Class:      1.82 MB capacity,     1.69 MB ( 93%) used,   117.30 KB (  6%) free+waste,     9.94 KB ( <1%) overhead. 
       Both:     15.05 MB capacity,    14.69 MB ( 98%) used,   331.30 KB (  2%) free+waste,    30.13 KB ( <1%) overhead. 

Virtual space:
  Non-class space:       14.00 MB reserved,      13.25 MB ( 95%) committed 
      Class space:        1.00 GB reserved,       1.88 MB ( <1%) committed 
             Both:        1.01 GB reserved,      15.13 MB (  1%) committed 

Chunk freelists:
   Non-Class:  21.00 KB
       Class:  0 bytes
        Both:  21.00 KB

MaxMetaspaceSize: 17179869184.00 GB
CompressedClassSpaceSize: 1.00 GB

CodeHeap 'non-profiled nmethods': size=120000Kb used=355Kb max_used=355Kb free=119644Kb
 bounds [0x00000264308f0000, 0x0000026430b60000, 0x0000026437e20000]
CodeHeap 'profiled nmethods': size=120000Kb used=1962Kb max_used=1962Kb free=118037Kb
 bounds [0x00000264293c0000, 0x0000026429630000, 0x00000264308f0000]
CodeHeap 'non-nmethods': size=5760Kb used=1103Kb max_used=1113Kb free=4657Kb
 bounds [0x0000026428e20000, 0x0000026429090000, 0x00000264293c0000]
 total_blobs=1539 nmethods=1115 adapters=336
 compilation: enabled
              stopped_count=0, restarted_count=0
 full_count=0

Compilation events (20 events):
Event: 5.244 Thread 0x000002643ff61000 1102       3       java.lang.Thread::interrupted (8 bytes)
Event: 5.245 Thread 0x000002643ff61000 nmethod 1102 0x00000264295a2990 code [0x00000264295a2b40, 0x00000264295a2c68]
Event: 6.302 Thread 0x000002643ff61000 1104       3       com.esotericsoftware.kryo.io.Input::require (220 bytes)
Event: 6.304 Thread 0x000002643ff61000 nmethod 1104 0x00000264295a2d10 code [0x00000264295a3000, 0x00000264295a3dd8]
Event: 6.553 Thread 0x000002643ff61000 1105       3       java.util.concurrent.locks.AbstractQueuedSynchronizer::release (33 bytes)
Event: 6.554 Thread 0x000002643ff61000 nmethod 1105 0x00000264295a4310 code [0x00000264295a44e0, 0x00000264295a47b8]
Event: 6.762 Thread 0x000002643ff61000 1106       3       java.lang.invoke.MemberName::getType (19 bytes)
Event: 6.763 Thread 0x000002643ff61000 nmethod 1106 0x00000264295a4890 code [0x00000264295a4a80, 0x00000264295a4e18]
Event: 6.763 Thread 0x000002643ff61000 1108       3       java.lang.invoke.InvokerBytecodeGenerator::loadInsnOpcode (86 bytes)
Event: 6.763 Thread 0x000002643ff51000 1109       4       java.lang.invoke.MethodType::parameterCount (6 bytes)
Event: 6.763 Thread 0x000002643ff61000 nmethod 1108 0x00000264295a4f90 code [0x00000264295a5220, 0x00000264295a5d58]
Event: 6.763 Thread 0x000002643ff61000 1110       3       jdk.internal.org.objectweb.asm.Label::<init> (5 bytes)
Event: 6.764 Thread 0x000002643ff61000 nmethod 1110 0x00000264295a6110 code [0x00000264295a62c0, 0x00000264295a6418]
Event: 6.764 Thread 0x000002643ff51000 nmethod 1109 0x0000026430948c90 code [0x0000026430948e20, 0x0000026430948e98]
Event: 6.765 Thread 0x000002643ff61000 1111       3       java.lang.invoke.MethodHandles$Lookup::checkAccess (226 bytes)
Event: 6.765 Thread 0x000002643ff51000 1114       4       java.lang.ref.Reference::<init> (25 bytes)
Event: 6.767 Thread 0x000002643ff61000 nmethod 1111 0x00000264295a6510 code [0x00000264295a68a0, 0x00000264295a7e58]
Event: 6.767 Thread 0x000002643ff61000 1113       3       java.lang.invoke.LambdaForm::uncustomize (57 bytes)
Event: 6.767 Thread 0x000002643ff61000 nmethod 1113 0x00000264295a8510 code [0x00000264295a86e0, 0x00000264295a89c8]
Event: 6.767 Thread 0x000002643ff61000 1112       3       java.lang.invoke.TypeConvertingMethodAdapter::descriptorToName (36 bytes)

GC Heap History (2 events):
Event: 1.888 GC heap before
{Heap before GC invocations=0 (full 0):
 garbage-first heap   total 129024K, used 30720K [0x0000000082400000, 0x0000000100000000)
  region size 1024K, 24 young (24576K), 0 survivors (0K)
 Metaspace       used 11466K, capacity 11766K, committed 11904K, reserved 1060864K
  class space    used 1238K, capacity 1304K, committed 1408K, reserved 1048576K
}
Event: 1.893 GC heap after
{Heap after GC invocations=1 (full 0):
 garbage-first heap   total 129024K, used 8833K [0x0000000082400000, 0x0000000100000000)
  region size 1024K, 3 young (3072K), 3 survivors (3072K)
 Metaspace       used 11466K, capacity 11766K, committed 11904K, reserved 1060864K
  class space    used 1238K, capacity 1304K, committed 1408K, reserved 1048576K
}

Deoptimization events (20 events):
Event: 1.754 Thread 0x0000026425330000 Uncommon trap: trap_request=0xffffffde fr.pc=0x000002643090df70 relative=0x00000000000003d0
Event: 1.754 Thread 0x0000026425330000 Uncommon trap: reason=class_check action=maybe_recompile pc=0x000002643090df70 method=java.util.regex.Matcher.match(II)Z @ 121 c2
Event: 1.754 Thread 0x0000026425330000 DEOPT PACKING pc=0x000002643090df70 sp=0x000000bbf17fd910
Event: 1.754 Thread 0x0000026425330000 DEOPT UNPACKING pc=0x0000026428e478af sp=0x000000bbf17fd8b8 mode 2
Event: 1.973 Thread 0x0000026425330000 Uncommon trap: trap_request=0xffffff4d fr.pc=0x0000026430933f8c relative=0x000000000000024c
Event: 1.973 Thread 0x0000026425330000 Uncommon trap: reason=unstable_if action=reinterpret pc=0x0000026430933f8c method=java.util.HashMap.hash(Ljava/lang/Object;)I @ 1 c2
Event: 1.973 Thread 0x0000026425330000 DEOPT PACKING pc=0x0000026430933f8c sp=0x000000bbf17fd430
Event: 1.973 Thread 0x0000026425330000 DEOPT UNPACKING pc=0x0000026428e478af sp=0x000000bbf17fd368 mode 2
Event: 2.025 Thread 0x0000026425330000 Uncommon trap: trap_request=0xffffff4d fr.pc=0x0000026430933890 relative=0x0000000000000150
Event: 2.025 Thread 0x0000026425330000 Uncommon trap: reason=unstable_if action=reinterpret pc=0x0000026430933890 method=java.util.HashMap.getNode(ILjava/lang/Object;)Ljava/util/HashMap$Node; @ 129 c2
Event: 2.025 Thread 0x0000026425330000 DEOPT PACKING pc=0x0000026430933890 sp=0x000000bbf17fb000
Event: 2.025 Thread 0x0000026425330000 DEOPT UNPACKING pc=0x0000026428e478af sp=0x000000bbf17faf70 mode 2
Event: 2.025 Thread 0x0000026425330000 Uncommon trap: trap_request=0xffffffde fr.pc=0x0000026430920364 relative=0x0000000000000f44
Event: 2.025 Thread 0x0000026425330000 Uncommon trap: reason=class_check action=maybe_recompile pc=0x0000026430920364 method=java.util.HashMap.putVal(ILjava/lang/Object;Ljava/lang/Object;ZZ)Ljava/lang/Object; @ 203 c2
Event: 2.025 Thread 0x0000026425330000 DEOPT PACKING pc=0x0000026430920364 sp=0x000000bbf17fafe0
Event: 2.025 Thread 0x0000026425330000 DEOPT UNPACKING pc=0x0000026428e478af sp=0x000000bbf17faf70 mode 2
Event: 2.027 Thread 0x0000026425330000 DEOPT PACKING pc=0x000002642944137f sp=0x000000bbf17f8ff0
Event: 2.027 Thread 0x0000026425330000 DEOPT UNPACKING pc=0x0000026428e476ce sp=0x000000bbf17f8440 mode 0
Event: 2.276 Thread 0x0000026425330000 DEOPT PACKING pc=0x00000264294874b0 sp=0x000000bbf17fa8f0
Event: 2.276 Thread 0x0000026425330000 DEOPT UNPACKING pc=0x0000026428e476ce sp=0x000000bbf17f9e08 mode 0

Classes redefined (0 events):
No events

Internal exceptions (11 events):
Event: 0.269 Thread 0x0000026425330000 Exception <a 'java/lang/NoSuchMethodError'{0x0000000089f46a18}: 'int java.lang.invoke.DirectMethodHandle$Holder.invokeSpecialIFC(java.lang.Object, java.lang.Object, int)'> (0x0000000089f46a18) thrown at [./src/hotspot/share/interpreter/linkResolver.cpp, line 773]
Event: 0.446 Thread 0x0000026425330000 Exception <a 'java/lang/NoSuchMethodError'{0x0000000089d127d0}: 'int java.lang.invoke.DirectMethodHandle$Holder.invokeStaticInit(java.lang.Object, java.lang.Object)'> (0x0000000089d127d0) thrown at [./src/hotspot/share/interpreter/linkResolver.cpp, line 773]
Event: 0.551 Thread 0x0000026425330000 Exception <a 'java/lang/NoSuchMethodError'{0x0000000089dc78c8}: 'int java.lang.invoke.DirectMethodHandle$Holder.invokeSpecial(java.lang.Object, java.lang.Object, java.lang.Object, java.lang.Object)'> (0x0000000089dc78c8) thrown at [./src/hotspot/share/interpreter/linkResolver.cpp, line 773]
Event: 1.783 Thread 0x0000026425330000 Exception <a 'java/lang/NoClassDefFoundError'{0x0000000088e8b508}: org/slf4j/impl/StaticMarkerBinder> (0x0000000088e8b508) thrown at [./src/hotspot/share/classfile/systemDictionary.cpp, line 220]
Event: 1.798 Thread 0x0000026425330000 Exception <a 'java/lang/NoSuchMethodError'{0x0000000088d20350}: 'java.lang.Object java.lang.invoke.DirectMethodHandle$Holder.invokeVirtual(java.lang.Object, java.lang.Object, java.lang.Object, java.lang.Object, java.lang.Object)'> (0x0000000088d20350) thrown at [./src/hotspot/share/interpreter/linkResolver.cpp, line 773]
Event: 1.883 Thread 0x0000026425330000 Exception <a 'java/lang/NoSuchMethodError'{0x0000000088ac7a40}: 'java.lang.Object java.lang.invoke.Invokers$Holder.invoker(java.lang.Object, java.lang.Object, java.lang.Object, java.lang.Object, java.lang.Object)'> (0x0000000088ac7a40) thrown at [./src/hotspot/share/interpreter/linkResolver.cpp, line 773]
Event: 1.885 Thread 0x0000026425330000 Exception <a 'java/lang/NoSuchMethodError'{0x0000000088ad8720}: 'void java.lang.invoke.DelegatingMethodHandle$Holder.delegate(java.lang.Object, java.lang.Object, int, java.lang.Object)'> (0x0000000088ad8720) thrown at [./src/hotspot/share/interpreter/linkResolver.cpp, line 773]
Event: 1.965 Thread 0x0000026425330000 Exception <a 'java/lang/NoSuchMethodError'{0x0000000089fe38a0}: 'java.lang.Object java.lang.invoke.DirectMethodHandle$Holder.invokeStaticInit(java.lang.Object, java.lang.Object, java.lang.Object)'> (0x0000000089fe38a0) thrown at [./src/hotspot/share/interpreter/linkResolver.cpp, line 773]
Event: 1.973 Thread 0x0000026425330000 Implicit null exception at 0x0000026430933d75 to 0x0000026430933f7c
Event: 2.042 Thread 0x0000026425330000 Exception <a 'java/lang/NoSuchMethodError'{0x0000000089ac83f8}: 'java.lang.Object java.lang.invoke.DirectMethodHandle$Holder.invokeStaticInit(java.lang.Object, int, int, int, int)'> (0x0000000089ac83f8) thrown at [./src/hotspot/share/interpreter/linkResolver.cpp, line 773]
Event: 2.271 Thread 0x0000026425330000 Exception <a 'java/lang/NoSuchMethodError'{0x000000008999bdb8}: 'java.lang.Object java.lang.invoke.DirectMethodHandle$Holder.invokeStaticInit(java.lang.Object, java.lang.Object, int, int, int, int)'> (0x000000008999bdb8) thrown at [./src/hotspot/share/interpreter/linkResolver.cpp, line 773]

Events (20 events):
Event: 6.764 loading class java/io/ObjectInputStream$BlockDataInputStream
Event: 6.764 loading class java/io/ObjectInputStream$BlockDataInputStream done
Event: 6.764 loading class java/io/ObjectInputStream$PeekInputStream
Event: 6.764 loading class java/io/ObjectInputStream$PeekInputStream done
Event: 6.764 loading class java/io/ObjectInputStream$HandleTable
Event: 6.764 loading class java/io/ObjectInputStream$HandleTable done
Event: 6.764 loading class java/io/ObjectInputStream$HandleTable$HandleList
Event: 6.764 loading class java/io/ObjectInputStream$HandleTable$HandleList done
Event: 6.764 loading class java/io/ObjectInputStream$ValidationList
Event: 6.764 loading class java/io/ObjectInputStream$ValidationList done
Event: 6.764 loading class java/io/ObjectInputFilter$Config
Event: 6.765 loading class java/io/ObjectInputFilter$Config done
Event: 6.765 loading class java/io/ObjectInputFilter
Event: 6.765 loading class java/io/ObjectInputFilter done
Event: 6.765 loading class jdk/internal/misc/JavaObjectInputFilterAccess
Event: 6.765 loading class jdk/internal/misc/JavaObjectInputFilterAccess done
Event: 6.765 loading class java/io/Bits
Event: 6.766 loading class java/io/Bits done
Event: 6.766 loading class org/gradle/internal/serialize/ExceptionReplacingObjectInputStream$1
Event: 6.766 loading class org/gradle/internal/serialize/ExceptionReplacingObjectInputStream$1 done


Dynamic libraries:
0x00007ff6b7c30000 - 0x00007ff6b7c3a000 	C:\Program Files\Android\Android Studio1\jre\bin\java.exe
0x00007ffabc190000 - 0x00007ffabc388000 	C:\WINDOWS\SYSTEM32\ntdll.dll
0x00007ffaba920000 - 0x00007ffaba9dd000 	C:\WINDOWS\System32\KERNEL32.DLL
0x00007ffab98e0000 - 0x00007ffab9bae000 	C:\WINDOWS\System32\KERNELBASE.dll
0x00007ffab9ea0000 - 0x00007ffab9fa0000 	C:\WINDOWS\System32\ucrtbase.dll
0x00007ffa9e9a0000 - 0x00007ffa9e9b9000 	C:\Program Files\Android\Android Studio1\jre\bin\jli.dll
0x00007ffa7edc0000 - 0x00007ffa7edd7000 	C:\Program Files\Android\Android Studio1\jre\bin\VCRUNTIME140.dll
0x00007ffabb860000 - 0x00007ffabba00000 	C:\WINDOWS\System32\USER32.dll
0x00007ffa9ce70000 - 0x00007ffa9d10a000 	C:\WINDOWS\WinSxS\amd64_microsoft.windows.common-controls_6595b64144ccf1df_6.0.19041.1110_none_60b5254171f9507e\COMCTL32.dll
0x00007ffab98b0000 - 0x00007ffab98d2000 	C:\WINDOWS\System32\win32u.dll
0x00007ffabab00000 - 0x00007ffabab2a000 	C:\WINDOWS\System32\GDI32.dll
0x00007ffabb760000 - 0x00007ffabb7fe000 	C:\WINDOWS\System32\msvcrt.dll
0x00007ffab9fa0000 - 0x00007ffaba0ab000 	C:\WINDOWS\System32\gdi32full.dll
0x00007ffab9bb0000 - 0x00007ffab9c4d000 	C:\WINDOWS\System32\msvcp_win.dll
0x00007ffabb290000 - 0x00007ffabb2c0000 	C:\WINDOWS\System32\IMM32.DLL
0x00007ffa73e40000 - 0x00007ffa73edd000 	C:\Program Files\Android\Android Studio1\jre\bin\msvcp140.dll
0x00007ffa5d3c0000 - 0x00007ffa5de8f000 	C:\Program Files\Android\Android Studio1\jre\bin\server\jvm.dll
0x00007ffabb2c0000 - 0x00007ffabb36e000 	C:\WINDOWS\System32\ADVAPI32.dll
0x00007ffabb370000 - 0x00007ffabb40c000 	C:\WINDOWS\System32\sechost.dll
0x00007ffabb480000 - 0x00007ffabb5a5000 	C:\WINDOWS\System32\RPCRT4.dll
0x00007ffabaaf0000 - 0x00007ffabaaf8000 	C:\WINDOWS\System32\PSAPI.DLL
0x00007ffaa4330000 - 0x00007ffaa4357000 	C:\WINDOWS\SYSTEM32\WINMM.dll
0x00007ffa9dd20000 - 0x00007ffa9dd29000 	C:\WINDOWS\SYSTEM32\WSOCK32.dll
0x00007ffaaf140000 - 0x00007ffaaf14a000 	C:\WINDOWS\SYSTEM32\VERSION.dll
0x00007ffabb410000 - 0x00007ffabb47b000 	C:\WINDOWS\System32\WS2_32.dll
0x00007ffab8170000 - 0x00007ffab8182000 	C:\WINDOWS\SYSTEM32\kernel.appcore.dll
0x00007ffab2280000 - 0x00007ffab2291000 	C:\Program Files\Android\Android Studio1\jre\bin\verify.dll
0x00007ffab4660000 - 0x00007ffab4844000 	C:\WINDOWS\SYSTEM32\DBGHELP.DLL
0x00007ffaa01b0000 - 0x00007ffaa01dc000 	C:\WINDOWS\SYSTEM32\dbgcore.DLL
0x00007ffaba0b0000 - 0x00007ffaba132000 	C:\WINDOWS\System32\bcryptPrimitives.dll
0x00007ffab1f10000 - 0x00007ffab1f39000 	C:\Program Files\Android\Android Studio1\jre\bin\java.dll
0x00007ffab2270000 - 0x00007ffab227b000 	C:\Program Files\Android\Android Studio1\jre\bin\jimage.dll
0x00007ffab1ef0000 - 0x00007ffab1f08000 	C:\Program Files\Android\Android Studio1\jre\bin\zip.dll
0x00007ffabba00000 - 0x00007ffabc144000 	C:\WINDOWS\System32\SHELL32.dll
0x00007ffab7960000 - 0x00007ffab80f4000 	C:\WINDOWS\SYSTEM32\windows.storage.dll
0x00007ffabadf0000 - 0x00007ffabb144000 	C:\WINDOWS\System32\combase.dll
0x00007ffab9310000 - 0x00007ffab9340000 	C:\WINDOWS\SYSTEM32\Wldp.dll
0x00007ffabab30000 - 0x00007ffababdd000 	C:\WINDOWS\System32\SHCORE.dll
0x00007ffaba2a0000 - 0x00007ffaba2f5000 	C:\WINDOWS\System32\shlwapi.dll
0x00007ffab97f0000 - 0x00007ffab980f000 	C:\WINDOWS\SYSTEM32\profapi.dll
0x00007ffab1ec0000 - 0x00007ffab1eda000 	C:\Program Files\Android\Android Studio1\jre\bin\net.dll
0x00007ffaa6430000 - 0x00007ffaa653a000 	C:\WINDOWS\SYSTEM32\WINHTTP.dll
0x00007ffab9070000 - 0x00007ffab90da000 	C:\WINDOWS\system32\mswsock.dll
0x00007ffab1ea0000 - 0x00007ffab1eb4000 	C:\Program Files\Android\Android Studio1\jre\bin\nio.dll
0x00007ffa7dfe0000 - 0x00007ffa7e007000 	C:\Users\user\.gradle\native\f6784746aeab05261644944871eae4fe03e0ef1612fff0a4a95f87b438bc6780\windows-amd64\native-platform.dll
0x00007ffab1e90000 - 0x00007ffab1e9a000 	C:\Program Files\Android\Android Studio1\jre\bin\management.dll
0x00007ffab1e80000 - 0x00007ffab1e8c000 	C:\Program Files\Android\Android Studio1\jre\bin\management_ext.dll
0x00007ffab9260000 - 0x00007ffab9278000 	C:\WINDOWS\SYSTEM32\CRYPTSP.dll
0x00007ffab8980000 - 0x00007ffab89b4000 	C:\WINDOWS\system32\rsaenh.dll
0x00007ffab9db0000 - 0x00007ffab9dd7000 	C:\WINDOWS\System32\bcrypt.dll
0x00007ffab97b0000 - 0x00007ffab97de000 	C:\WINDOWS\SYSTEM32\USERENV.dll
0x00007ffab9280000 - 0x00007ffab928c000 	C:\WINDOWS\SYSTEM32\CRYPTBASE.dll
0x00007ffab8d10000 - 0x00007ffab8d4b000 	C:\WINDOWS\SYSTEM32\IPHLPAPI.DLL
0x00007ffaba9e0000 - 0x00007ffaba9e8000 	C:\WINDOWS\System32\NSI.dll
0x00007ffaaea50000 - 0x00007ffaaea67000 	C:\WINDOWS\SYSTEM32\dhcpcsvc6.DLL
0x00007ffaaeab0000 - 0x00007ffaaeacd000 	C:\WINDOWS\SYSTEM32\dhcpcsvc.DLL
0x00007ffab8d50000 - 0x00007ffab8e1a000 	C:\WINDOWS\SYSTEM32\DNSAPI.dll
0x00007ffaaf050000 - 0x00007ffaaf05b000 	C:\WINDOWS\SYSTEM32\WINNSI.DLL

dbghelp: loaded successfully - version: 4.0.5 - missing functions: none
symbol engine: initialized successfully - sym options: 0x614 - pdb path: .;C:\Program Files\Android\Android Studio1\jre\bin;C:\WINDOWS\SYSTEM32;C:\WINDOWS\WinSxS\amd64_microsoft.windows.common-controls_6595b64144ccf1df_6.0.19041.1110_none_60b5254171f9507e;C:\Program Files\Android\Android Studio1\jre\bin\server;C:\Users\user\.gradle\native\f6784746aeab05261644944871eae4fe03e0ef1612fff0a4a95f87b438bc6780\windows-amd64

VM Arguments:
jvm_args: -Dorg.gradle.appname=gradlew 
java_command: org.gradle.wrapper.GradleWrapperMain -q -Ptarget-platform=android-arm64 -Ptarget=C:\Users\user\Desktop\vote_test\lib\main.dart -Pbase-application-name=android.app.Application -Pdart-defines=Zmx1dHRlci5pbnNwZWN0b3Iuc3RydWN0dXJlZEVycm9ycz10cnVl,RkxVVFRFUl9XRUJfQVVUT19ERVRFQ1Q9dHJ1ZQ== -Pdart-obfuscation=false -Pextra-front-end-options=--no-sound-null-safety -Ptrack-widget-creation=true -Ptree-shake-icons=false -Pfilesystem-scheme=org-dartlang-root assembleDebug
java_class_path (initial): C:\Users\user\Desktop\vote_test\android\\gradle\wrapper\gradle-wrapper.jar
Launcher Type: SUN_STANDARD

[Global flags]
     intx CICompilerCount                          = 4                                         {product} {ergonomic}
     uint ConcGCThreads                            = 2                                         {product} {ergonomic}
     uint G1ConcRefinementThreads                  = 8                                         {product} {ergonomic}
   size_t G1HeapRegionSize                         = 1048576                                   {product} {ergonomic}
    uintx GCDrainStackTargetSize                   = 64                                        {product} {ergonomic}
   size_t InitialHeapSize                          = 132120576                                 {product} {ergonomic}
   size_t MarkStackSize                            = 4194304                                   {product} {ergonomic}
   size_t MaxHeapSize                              = 2109734912                                {product} {ergonomic}
   size_t MaxNewSize                               = 1265631232                                {product} {ergonomic}
   size_t MinHeapDeltaBytes                        = 1048576                                   {product} {ergonomic}
    uintx NonNMethodCodeHeapSize                   = 5836300                                {pd product} {ergonomic}
    uintx NonProfiledCodeHeapSize                  = 122910970                              {pd product} {ergonomic}
    uintx ProfiledCodeHeapSize                     = 122910970                              {pd product} {ergonomic}
    uintx ReservedCodeCacheSize                    = 251658240                              {pd product} {ergonomic}
     bool SegmentedCodeCache                       = true                                      {product} {ergonomic}
     bool UseCompressedClassPointers               = true                                 {lp64_product} {ergonomic}
     bool UseCompressedOops                        = true                                 {lp64_product} {ergonomic}
     bool UseG1GC                                  = true                                      {product} {ergonomic}
     bool UseLargePagesIndividualAllocation        = false                                  {pd product} {ergonomic}

Logging:
Log output configuration:
 #0: stdout all=warning uptime,level,tags
 #1: stderr all=off uptime,level,tags

Environment Variables:
JAVA_HOME=C:\Program Files\Android\Android Studio1\jre
CLASSPATH=C:\Users\user\Desktop\vote_test\android\\gradle\wrapper\gradle-wrapper.jar
PATH=C:\Users\user\anaconda3\condabin;C:\Program Files\NVIDIA GPU Computing Toolkit\CUDA\v11.2\bin;C:\Program Files\NVIDIA GPU Computing Toolkit\CUDA\v11.2\libnvvp;C:\Program Files\Java\jdk-15.0.1\bin;c:\windows\system32;C:\Program Files\Git\cmd;C:\Program Files\MySQL\MySQL Server 8.0\bin;C:\Program Files\nodejs;C:\ProgramData\chocolatey\bin;C:\Windows\System32\WindowsPowerShell\v1.0;C:\Program Files\NVIDIA Corporation\Nsight Compute 2020.3.0\;C:\Program Files (x86)\NVIDIA Corporation\PhysX\Common;C:\Program Files\NVIDIA Corporation\NVIDIA NvDLISR;C:\Program Files\NVIDIA GPU Computing Toolkit\CUDA\v11.2\libnvvp;C:\Program Files\NVIDIA GPU Computing Toolkit\CUDA\v11.2\bin;C:\Users\user\Desktop\flutter\bin;C:\Users\user\AppData\Local\Programs\Python\Python39\Scripts\;C:\Users\user\AppData\Local\Programs\Python\Python39\;C:\Users\user\AppData\Local\Microsoft\WindowsApps;"C:\Program Files\Java\jdk-15.0.1\bin;C:\Program Files\Java\jdk-15.0.1";C:\Program Files\JetBrains\IntelliJ IDEA Community Edition 2021.1\bin;;C:\Users\user\AppData\Local\Programs\Microsoft VS Code\bin;C:\Users\user\AppData\Local\Google\Cloud SDK\google-cloud-sdk\bin;C:\Users\user\Documents\software\apache-maven-3.8.2-bin\apache-maven-3.8.2\bin;C:\Users\user\AppData\Roaming\npm;C:\Users\user\anaconda3\Scripts;C:\ffmpeg\bin;C:\Users\user\Desktop\flutter\bin;;C:\Users\user\Desktop\flutter\bin\mingit\cmd
USERNAME=user
OS=Windows_NT
PROCESSOR_IDENTIFIER=Intel64 Family 6 Model 142 Stepping 11, GenuineIntel



---------------  S Y S T E M  ---------------

OS: Windows 10 , 64 bit Build 19041 (10.0.19041.1889)
OS uptime: 6 days 17:47 hours

CPU:total 8 (initial active 8) (4 cores per cpu, 2 threads per core) family 6 model 142 stepping 11 microcode 0xae, cmov, cx8, fxsr, mmx, sse, sse2, sse3, ssse3, sse4.1, sse4.2, popcnt, avx, avx2, aes, clmul, erms, 3dnowpref, lzcnt, ht, tsc, tscinvbit, bmi1, bmi2, adx, fma

Memory: 4k page, system-wide physical 8043M (349M free)
TotalPageFile size 32619M (AvailPageFile size 219M)
current process WorkingSet (physical memory assigned to process): 92M, peak: 94M
current process commit charge ("private bytes"): 222M, peak: 223M

vm_info: OpenJDK 64-Bit Server VM (11.0.10+0-b96-7249189) for windows-amd64 JRE (11.0.10+0-b96-7249189), built on Mar 31 2021 21:44:00 by "builder" with MS VC++ 14.0 (VS2015)

END.
