#
# There is insufficient memory for the Java Runtime Environment to continue.
# Native memory allocation (malloc) failed to allocate 32744 bytes for ChunkPool::allocate
# Possible reasons:
#   The system is out of physical RAM or swap space
#   The process is running with CompressedOops enabled, and the Java Heap may be blocking the growth of the native heap
# Possible solutions:
#   Reduce memory load on the system
#   Increase physical memory or swap space
#   Check if swap backing store is full
#   Decrease Java heap size (-Xmx/-Xms)
#   Decrease number of Java threads
#   Decrease Java thread stack sizes (-Xss)
#   Set larger code cache with -XX:ReservedCodeCacheSize=
#   JVM is running with Unscaled Compressed Oops mode in which the Java heap is
#     placed in the first 4GB address space. The Java Heap base address is the
#     maximum limit for the native heap growth. Please use -XX:HeapBaseMinAddress
#     to set the Java Heap base and to place the Java Heap above 4GB virtual address.
# This output file may be truncated or incomplete.
#
#  Out of Memory Error (./src/hotspot/share/memory/arena.cpp:81), pid=8248, tid=10108
#
# JRE version: OpenJDK Runtime Environment (11.0.10) (build 11.0.10+0-b96-7249189)
# Java VM: OpenJDK 64-Bit Server VM (11.0.10+0-b96-7249189, mixed mode, tiered, compressed oops, g1 gc, windows-amd64)
# No core dump will be written. Minidumps are not enabled by default on client versions of Windows
#

---------------  S U M M A R Y ------------

Command Line: -Dorg.gradle.appname=gradlew org.gradle.wrapper.GradleWrapperMain -q -Ptarget-platform=android-arm64 -Ptarget=C:\Users\user\Desktop\vote_test\lib\main.dart -Pbase-application-name=android.app.Application -Pdart-defines=Zmx1dHRlci5pbnNwZWN0b3Iuc3RydWN0dXJlZEVycm9ycz10cnVl,RkxVVFRFUl9XRUJfQVVUT19ERVRFQ1Q9dHJ1ZQ== -Pdart-obfuscation=false -Pextra-front-end-options=--no-sound-null-safety -Ptrack-widget-creation=true -Ptree-shake-icons=false -Pfilesystem-scheme=org-dartlang-root assembleDebug

Host: Intel(R) Core(TM) i5-8265U CPU @ 1.60GHz, 8 cores, 7G,  Windows 10 , 64 bit Build 19041 (10.0.19041.1889)
Time: Sun Sep 25 00:30:35 2022 台北標準時間 elapsed time: 79.219373 seconds (0d 0h 1m 19s)

---------------  T H R E A D  ---------------

Current thread (0x000002a6efef8800):  JavaThread "C2 CompilerThread0" daemon [_thread_in_native, id=10108, stack(0x000000b8a5400000,0x000000b8a5500000)]


Current CompileTask:
C2:  79219 1415       4       org.gradle.internal.logging.sink.OutputEventTransformer::onOutput (399 bytes)

Stack: [0x000000b8a5400000,0x000000b8a5500000]
Native frames: (J=compiled Java code, j=interpreted, Vv=VM code, C=native code)
V  [jvm.dll+0x5ecfaa]
V  [jvm.dll+0x722bd5]
V  [jvm.dll+0x72412d]
V  [jvm.dll+0x7247e3]
V  [jvm.dll+0x242928]
V  [jvm.dll+0xbc75b]
V  [jvm.dll+0xbca0c]
V  [jvm.dll+0x2aa0d3]
V  [jvm.dll+0x2a9e82]
V  [jvm.dll+0x6f9ce6]
V  [jvm.dll+0x6fa3a3]
V  [jvm.dll+0x339b16]
V  [jvm.dll+0x2b403c]
V  [jvm.dll+0x60a0f9]
V  [jvm.dll+0x601fea]
V  [jvm.dll+0x601653]
V  [jvm.dll+0x5ff6a2]
V  [jvm.dll+0x185d3c]
V  [jvm.dll+0x1fa515]
V  [jvm.dll+0x18354c]
V  [jvm.dll+0x208ee7]
V  [jvm.dll+0x207731]
V  [jvm.dll+0x6eb1cf]
V  [jvm.dll+0x6e3d45]
V  [jvm.dll+0x5ebe96]
C  [ucrtbase.dll+0x21bb2]
C  [KERNEL32.DLL+0x17034]
C  [ntdll.dll+0x526a1]


---------------  P R O C E S S  ---------------

Threads class SMR info:
_java_thread_list=0x000002a6f0cffbc0, length=13, elements={
0x000002a6d327a000, 0x000002a6ef5ee000, 0x000002a6ef5ef800, 0x000002a6efee8800,
0x000002a6efeea800, 0x000002a6efeeb800, 0x000002a6efef8800, 0x000002a6efefe000,
0x000002a6eff03800, 0x000002a6f006e000, 0x000002a6eff82800, 0x000002a6f059b800,
0x000002a6f0595000
}

Java Threads: ( => current thread )
  0x000002a6d327a000 JavaThread "main" [_thread_blocked, id=26904, stack(0x000000b8a4800000,0x000000b8a4900000)]
  0x000002a6ef5ee000 JavaThread "Reference Handler" daemon [_thread_blocked, id=18944, stack(0x000000b8a4f00000,0x000000b8a5000000)]
  0x000002a6ef5ef800 JavaThread "Finalizer" daemon [_thread_blocked, id=25848, stack(0x000000b8a5000000,0x000000b8a5100000)]
  0x000002a6efee8800 JavaThread "Signal Dispatcher" daemon [_thread_blocked, id=19448, stack(0x000000b8a5100000,0x000000b8a5200000)]
  0x000002a6efeea800 JavaThread "Attach Listener" daemon [_thread_blocked, id=10716, stack(0x000000b8a5200000,0x000000b8a5300000)]
  0x000002a6efeeb800 JavaThread "Service Thread" daemon [_thread_blocked, id=25356, stack(0x000000b8a5300000,0x000000b8a5400000)]
=>0x000002a6efef8800 JavaThread "C2 CompilerThread0" daemon [_thread_in_native, id=10108, stack(0x000000b8a5400000,0x000000b8a5500000)]
  0x000002a6efefe000 JavaThread "C1 CompilerThread0" daemon [_thread_blocked, id=25876, stack(0x000000b8a5500000,0x000000b8a5600000)]
  0x000002a6eff03800 JavaThread "Sweeper thread" daemon [_thread_blocked, id=14496, stack(0x000000b8a5600000,0x000000b8a5700000)]
  0x000002a6f006e000 JavaThread "Common-Cleaner" daemon [_thread_blocked, id=18380, stack(0x000000b8a5800000,0x000000b8a5900000)]
  0x000002a6eff82800 JavaThread "pool-1-thread-1" [_thread_in_native, id=2884, stack(0x000000b8a5900000,0x000000b8a5a00000)]
  0x000002a6f059b800 JavaThread "DisconnectableInputStream source reader" daemon [_thread_in_native, id=3220, stack(0x000000b8a6000000,0x000000b8a6100000)]
  0x000002a6f0595000 JavaThread "Forward input" [_thread_blocked, id=24156, stack(0x000000b8a6100000,0x000000b8a6200000)]

Other Threads:
  0x000002a6ef5ec800 VMThread "VM Thread" [stack: 0x000000b8a4e00000,0x000000b8a4f00000] [id=1880]
  0x000002a6f0065800 WatcherThread [stack: 0x000000b8a5700000,0x000000b8a5800000] [id=21732]
  0x000002a6d3336800 GCTaskThread "GC Thread#0" [stack: 0x000000b8a4900000,0x000000b8a4a00000] [id=24712]
  0x000002a6f01ad800 GCTaskThread "GC Thread#1" [stack: 0x000000b8a5a00000,0x000000b8a5b00000] [id=8476]
  0x000002a6f02ae800 GCTaskThread "GC Thread#2" [stack: 0x000000b8a5b00000,0x000000b8a5c00000] [id=23364]
  0x000002a6f02af000 GCTaskThread "GC Thread#3" [stack: 0x000000b8a5c00000,0x000000b8a5d00000] [id=26284]
  0x000002a6d3368000 ConcurrentGCThread "G1 Main Marker" [stack: 0x000000b8a4a00000,0x000000b8a4b00000] [id=11184]
  0x000002a6d3369800 ConcurrentGCThread "G1 Conc#0" [stack: 0x000000b8a4b00000,0x000000b8a4c00000] [id=22968]
  0x000002a6ef430800 ConcurrentGCThread "G1 Refine#0" [stack: 0x000000b8a4c00000,0x000000b8a4d00000] [id=26880]
  0x000002a6ef431800 ConcurrentGCThread "G1 Young RemSet Sampling" [stack: 0x000000b8a4d00000,0x000000b8a4e00000] [id=13548]

Threads with active compile tasks:
C2 CompilerThread0  79289 1415       4       org.gradle.internal.logging.sink.OutputEventTransformer::onOutput (399 bytes)

VM state:not at safepoint (normal execution)

VM Mutex/Monitor currently owned by a thread: None

Heap address: 0x0000000082400000, size: 2012 MB, Compressed Oops mode: 32-bit
Narrow klass base: 0x0000000000000000, Narrow klass shift: 3
Compressed class space size: 1073741824 Address: 0x0000000100000000

Heap:
 garbage-first heap   total 129024K, used 23103K [0x0000000082400000, 0x0000000100000000)
  region size 1024K, 18 young (18432K), 3 survivors (3072K)
 Metaspace       used 15142K, capacity 15429K, committed 15744K, reserved 1062912K
  class space    used 1716K, capacity 1824K, committed 1920K, reserved 1048576K
Heap Regions: E=young(eden), S=young(survivor), O=old, HS=humongous(starts), HC=humongous(continues), CS=collection set, F=free, A=archive, TAMS=top-at-mark-start (previous, next)
|   0|0x0000000082400000, 0x0000000082400000, 0x0000000082500000|  0%| F|  |TAMS 0x0000000082400000, 0x0000000082400000| Untracked 
|   1|0x0000000082500000, 0x0000000082500000, 0x0000000082600000|  0%| F|  |TAMS 0x0000000082500000, 0x0000000082500000| Untracked 
|   2|0x0000000082600000, 0x0000000082600000, 0x0000000082700000|  0%| F|  |TAMS 0x0000000082600000, 0x0000000082600000| Untracked 
|   3|0x0000000082700000, 0x0000000082800000, 0x0000000082800000|100%|HS|  |TAMS 0x0000000082700000, 0x0000000082700000| Complete 
|   4|0x0000000082800000, 0x0000000082900000, 0x0000000082900000|100%|HC|  |TAMS 0x0000000082800000, 0x0000000082800000| Complete 
|   5|0x0000000082900000, 0x0000000082a00000, 0x0000000082a00000|100%|HC|  |TAMS 0x0000000082900000, 0x0000000082900000| Complete 
|   6|0x0000000082a00000, 0x0000000082b00000, 0x0000000082b00000|100%| O|  |TAMS 0x0000000082a00000, 0x0000000082a00000| Untracked 
|   7|0x0000000082b00000, 0x0000000082c00000, 0x0000000082c00000|100%| O|  |TAMS 0x0000000082b00000, 0x0000000082b00000| Untracked 
|   8|0x0000000082c00000, 0x0000000082c8fc00, 0x0000000082d00000| 56%| O|  |TAMS 0x0000000082c00000, 0x0000000082c00000| Untracked 
|   9|0x0000000082d00000, 0x0000000082d00000, 0x0000000082e00000|  0%| F|  |TAMS 0x0000000082d00000, 0x0000000082d00000| Untracked 
|  10|0x0000000082e00000, 0x0000000082e00000, 0x0000000082f00000|  0%| F|  |TAMS 0x0000000082e00000, 0x0000000082e00000| Untracked 
|  11|0x0000000082f00000, 0x0000000082f00000, 0x0000000083000000|  0%| F|  |TAMS 0x0000000082f00000, 0x0000000082f00000| Untracked 
|  12|0x0000000083000000, 0x0000000083000000, 0x0000000083100000|  0%| F|  |TAMS 0x0000000083000000, 0x0000000083000000| Untracked 
|  13|0x0000000083100000, 0x0000000083100000, 0x0000000083200000|  0%| F|  |TAMS 0x0000000083100000, 0x0000000083100000| Untracked 
|  14|0x0000000083200000, 0x0000000083200000, 0x0000000083300000|  0%| F|  |TAMS 0x0000000083200000, 0x0000000083200000| Untracked 
|  15|0x0000000083300000, 0x0000000083300000, 0x0000000083400000|  0%| F|  |TAMS 0x0000000083300000, 0x0000000083300000| Untracked 
|  16|0x0000000083400000, 0x0000000083400000, 0x0000000083500000|  0%| F|  |TAMS 0x0000000083400000, 0x0000000083400000| Untracked 
|  17|0x0000000083500000, 0x0000000083500000, 0x0000000083600000|  0%| F|  |TAMS 0x0000000083500000, 0x0000000083500000| Untracked 
|  18|0x0000000083600000, 0x0000000083600000, 0x0000000083700000|  0%| F|  |TAMS 0x0000000083600000, 0x0000000083600000| Untracked 
|  19|0x0000000083700000, 0x0000000083700000, 0x0000000083800000|  0%| F|  |TAMS 0x0000000083700000, 0x0000000083700000| Untracked 
|  20|0x0000000083800000, 0x0000000083800000, 0x0000000083900000|  0%| F|  |TAMS 0x0000000083800000, 0x0000000083800000| Untracked 
|  21|0x0000000083900000, 0x0000000083900000, 0x0000000083a00000|  0%| F|  |TAMS 0x0000000083900000, 0x0000000083900000| Untracked 
|  22|0x0000000083a00000, 0x0000000083a00000, 0x0000000083b00000|  0%| F|  |TAMS 0x0000000083a00000, 0x0000000083a00000| Untracked 
|  23|0x0000000083b00000, 0x0000000083b00000, 0x0000000083c00000|  0%| F|  |TAMS 0x0000000083b00000, 0x0000000083b00000| Untracked 
|  24|0x0000000083c00000, 0x0000000083c00000, 0x0000000083d00000|  0%| F|  |TAMS 0x0000000083c00000, 0x0000000083c00000| Untracked 
|  25|0x0000000083d00000, 0x0000000083d00000, 0x0000000083e00000|  0%| F|  |TAMS 0x0000000083d00000, 0x0000000083d00000| Untracked 
|  26|0x0000000083e00000, 0x0000000083e00000, 0x0000000083f00000|  0%| F|  |TAMS 0x0000000083e00000, 0x0000000083e00000| Untracked 
|  27|0x0000000083f00000, 0x0000000083f00000, 0x0000000084000000|  0%| F|  |TAMS 0x0000000083f00000, 0x0000000083f00000| Untracked 
|  28|0x0000000084000000, 0x0000000084000000, 0x0000000084100000|  0%| F|  |TAMS 0x0000000084000000, 0x0000000084000000| Untracked 
|  29|0x0000000084100000, 0x0000000084100000, 0x0000000084200000|  0%| F|  |TAMS 0x0000000084100000, 0x0000000084100000| Untracked 
|  30|0x0000000084200000, 0x0000000084200000, 0x0000000084300000|  0%| F|  |TAMS 0x0000000084200000, 0x0000000084200000| Untracked 
|  31|0x0000000084300000, 0x0000000084300000, 0x0000000084400000|  0%| F|  |TAMS 0x0000000084300000, 0x0000000084300000| Untracked 
|  32|0x0000000084400000, 0x0000000084400000, 0x0000000084500000|  0%| F|  |TAMS 0x0000000084400000, 0x0000000084400000| Untracked 
|  33|0x0000000084500000, 0x0000000084500000, 0x0000000084600000|  0%| F|  |TAMS 0x0000000084500000, 0x0000000084500000| Untracked 
|  34|0x0000000084600000, 0x0000000084600000, 0x0000000084700000|  0%| F|  |TAMS 0x0000000084600000, 0x0000000084600000| Untracked 
|  35|0x0000000084700000, 0x0000000084700000, 0x0000000084800000|  0%| F|  |TAMS 0x0000000084700000, 0x0000000084700000| Untracked 
|  36|0x0000000084800000, 0x0000000084800000, 0x0000000084900000|  0%| F|  |TAMS 0x0000000084800000, 0x0000000084800000| Untracked 
|  37|0x0000000084900000, 0x0000000084900000, 0x0000000084a00000|  0%| F|  |TAMS 0x0000000084900000, 0x0000000084900000| Untracked 
|  38|0x0000000084a00000, 0x0000000084a00000, 0x0000000084b00000|  0%| F|  |TAMS 0x0000000084a00000, 0x0000000084a00000| Untracked 
|  39|0x0000000084b00000, 0x0000000084b00000, 0x0000000084c00000|  0%| F|  |TAMS 0x0000000084b00000, 0x0000000084b00000| Untracked 
|  40|0x0000000084c00000, 0x0000000084c00000, 0x0000000084d00000|  0%| F|  |TAMS 0x0000000084c00000, 0x0000000084c00000| Untracked 
|  41|0x0000000084d00000, 0x0000000084d00000, 0x0000000084e00000|  0%| F|  |TAMS 0x0000000084d00000, 0x0000000084d00000| Untracked 
|  42|0x0000000084e00000, 0x0000000084e00000, 0x0000000084f00000|  0%| F|  |TAMS 0x0000000084e00000, 0x0000000084e00000| Untracked 
|  43|0x0000000084f00000, 0x0000000084f00000, 0x0000000085000000|  0%| F|  |TAMS 0x0000000084f00000, 0x0000000084f00000| Untracked 
|  44|0x0000000085000000, 0x0000000085000000, 0x0000000085100000|  0%| F|  |TAMS 0x0000000085000000, 0x0000000085000000| Untracked 
|  45|0x0000000085100000, 0x0000000085100000, 0x0000000085200000|  0%| F|  |TAMS 0x0000000085100000, 0x0000000085100000| Untracked 
|  46|0x0000000085200000, 0x0000000085200000, 0x0000000085300000|  0%| F|  |TAMS 0x0000000085200000, 0x0000000085200000| Untracked 
|  47|0x0000000085300000, 0x0000000085300000, 0x0000000085400000|  0%| F|  |TAMS 0x0000000085300000, 0x0000000085300000| Untracked 
|  48|0x0000000085400000, 0x0000000085400000, 0x0000000085500000|  0%| F|  |TAMS 0x0000000085400000, 0x0000000085400000| Untracked 
|  49|0x0000000085500000, 0x0000000085500000, 0x0000000085600000|  0%| F|  |TAMS 0x0000000085500000, 0x0000000085500000| Untracked 
|  50|0x0000000085600000, 0x0000000085600000, 0x0000000085700000|  0%| F|  |TAMS 0x0000000085600000, 0x0000000085600000| Untracked 
|  51|0x0000000085700000, 0x0000000085700000, 0x0000000085800000|  0%| F|  |TAMS 0x0000000085700000, 0x0000000085700000| Untracked 
|  52|0x0000000085800000, 0x0000000085800000, 0x0000000085900000|  0%| F|  |TAMS 0x0000000085800000, 0x0000000085800000| Untracked 
|  53|0x0000000085900000, 0x0000000085900000, 0x0000000085a00000|  0%| F|  |TAMS 0x0000000085900000, 0x0000000085900000| Untracked 
|  54|0x0000000085a00000, 0x0000000085a00000, 0x0000000085b00000|  0%| F|  |TAMS 0x0000000085a00000, 0x0000000085a00000| Untracked 
|  55|0x0000000085b00000, 0x0000000085b00000, 0x0000000085c00000|  0%| F|  |TAMS 0x0000000085b00000, 0x0000000085b00000| Untracked 
|  56|0x0000000085c00000, 0x0000000085c00000, 0x0000000085d00000|  0%| F|  |TAMS 0x0000000085c00000, 0x0000000085c00000| Untracked 
|  57|0x0000000085d00000, 0x0000000085d00000, 0x0000000085e00000|  0%| F|  |TAMS 0x0000000085d00000, 0x0000000085d00000| Untracked 
|  58|0x0000000085e00000, 0x0000000085e00000, 0x0000000085f00000|  0%| F|  |TAMS 0x0000000085e00000, 0x0000000085e00000| Untracked 
|  59|0x0000000085f00000, 0x0000000085f00000, 0x0000000086000000|  0%| F|  |TAMS 0x0000000085f00000, 0x0000000085f00000| Untracked 
|  60|0x0000000086000000, 0x0000000086000000, 0x0000000086100000|  0%| F|  |TAMS 0x0000000086000000, 0x0000000086000000| Untracked 
|  61|0x0000000086100000, 0x0000000086100000, 0x0000000086200000|  0%| F|  |TAMS 0x0000000086100000, 0x0000000086100000| Untracked 
|  62|0x0000000086200000, 0x0000000086200000, 0x0000000086300000|  0%| F|  |TAMS 0x0000000086200000, 0x0000000086200000| Untracked 
|  63|0x0000000086300000, 0x0000000086300000, 0x0000000086400000|  0%| F|  |TAMS 0x0000000086300000, 0x0000000086300000| Untracked 
|  64|0x0000000086400000, 0x0000000086400000, 0x0000000086500000|  0%| F|  |TAMS 0x0000000086400000, 0x0000000086400000| Untracked 
|  65|0x0000000086500000, 0x0000000086500000, 0x0000000086600000|  0%| F|  |TAMS 0x0000000086500000, 0x0000000086500000| Untracked 
|  66|0x0000000086600000, 0x0000000086600000, 0x0000000086700000|  0%| F|  |TAMS 0x0000000086600000, 0x0000000086600000| Untracked 
|  67|0x0000000086700000, 0x0000000086700000, 0x0000000086800000|  0%| F|  |TAMS 0x0000000086700000, 0x0000000086700000| Untracked 
|  68|0x0000000086800000, 0x0000000086800000, 0x0000000086900000|  0%| F|  |TAMS 0x0000000086800000, 0x0000000086800000| Untracked 
|  69|0x0000000086900000, 0x0000000086900000, 0x0000000086a00000|  0%| F|  |TAMS 0x0000000086900000, 0x0000000086900000| Untracked 
|  70|0x0000000086a00000, 0x0000000086a00000, 0x0000000086b00000|  0%| F|  |TAMS 0x0000000086a00000, 0x0000000086a00000| Untracked 
|  71|0x0000000086b00000, 0x0000000086b00000, 0x0000000086c00000|  0%| F|  |TAMS 0x0000000086b00000, 0x0000000086b00000| Untracked 
|  72|0x0000000086c00000, 0x0000000086c00000, 0x0000000086d00000|  0%| F|  |TAMS 0x0000000086c00000, 0x0000000086c00000| Untracked 
|  73|0x0000000086d00000, 0x0000000086d00000, 0x0000000086e00000|  0%| F|  |TAMS 0x0000000086d00000, 0x0000000086d00000| Untracked 
|  74|0x0000000086e00000, 0x0000000086e00000, 0x0000000086f00000|  0%| F|  |TAMS 0x0000000086e00000, 0x0000000086e00000| Untracked 
|  75|0x0000000086f00000, 0x0000000086f00000, 0x0000000087000000|  0%| F|  |TAMS 0x0000000086f00000, 0x0000000086f00000| Untracked 
|  76|0x0000000087000000, 0x0000000087000000, 0x0000000087100000|  0%| F|  |TAMS 0x0000000087000000, 0x0000000087000000| Untracked 
|  77|0x0000000087100000, 0x0000000087100000, 0x0000000087200000|  0%| F|  |TAMS 0x0000000087100000, 0x0000000087100000| Untracked 
|  78|0x0000000087200000, 0x0000000087200000, 0x0000000087300000|  0%| F|  |TAMS 0x0000000087200000, 0x0000000087200000| Untracked 
|  79|0x0000000087300000, 0x0000000087300000, 0x0000000087400000|  0%| F|  |TAMS 0x0000000087300000, 0x0000000087300000| Untracked 
|  80|0x0000000087400000, 0x0000000087400000, 0x0000000087500000|  0%| F|  |TAMS 0x0000000087400000, 0x0000000087400000| Untracked 
|  81|0x0000000087500000, 0x0000000087500000, 0x0000000087600000|  0%| F|  |TAMS 0x0000000087500000, 0x0000000087500000| Untracked 
|  82|0x0000000087600000, 0x0000000087600000, 0x0000000087700000|  0%| F|  |TAMS 0x0000000087600000, 0x0000000087600000| Untracked 
|  83|0x0000000087700000, 0x0000000087700000, 0x0000000087800000|  0%| F|  |TAMS 0x0000000087700000, 0x0000000087700000| Untracked 
|  84|0x0000000087800000, 0x0000000087800000, 0x0000000087900000|  0%| F|  |TAMS 0x0000000087800000, 0x0000000087800000| Untracked 
|  85|0x0000000087900000, 0x0000000087900000, 0x0000000087a00000|  0%| F|  |TAMS 0x0000000087900000, 0x0000000087900000| Untracked 
|  86|0x0000000087a00000, 0x0000000087a00000, 0x0000000087b00000|  0%| F|  |TAMS 0x0000000087a00000, 0x0000000087a00000| Untracked 
|  87|0x0000000087b00000, 0x0000000087b00000, 0x0000000087c00000|  0%| F|  |TAMS 0x0000000087b00000, 0x0000000087b00000| Untracked 
|  88|0x0000000087c00000, 0x0000000087c00000, 0x0000000087d00000|  0%| F|  |TAMS 0x0000000087c00000, 0x0000000087c00000| Untracked 
|  89|0x0000000087d00000, 0x0000000087d00000, 0x0000000087e00000|  0%| F|  |TAMS 0x0000000087d00000, 0x0000000087d00000| Untracked 
|  90|0x0000000087e00000, 0x0000000087e00000, 0x0000000087f00000|  0%| F|  |TAMS 0x0000000087e00000, 0x0000000087e00000| Untracked 
|  91|0x0000000087f00000, 0x0000000087f00000, 0x0000000088000000|  0%| F|  |TAMS 0x0000000087f00000, 0x0000000087f00000| Untracked 
|  92|0x0000000088000000, 0x0000000088000000, 0x0000000088100000|  0%| F|  |TAMS 0x0000000088000000, 0x0000000088000000| Untracked 
|  93|0x0000000088100000, 0x0000000088100000, 0x0000000088200000|  0%| F|  |TAMS 0x0000000088100000, 0x0000000088100000| Untracked 
|  94|0x0000000088200000, 0x0000000088200000, 0x0000000088300000|  0%| F|  |TAMS 0x0000000088200000, 0x0000000088200000| Untracked 
|  95|0x0000000088300000, 0x0000000088300000, 0x0000000088400000|  0%| F|  |TAMS 0x0000000088300000, 0x0000000088300000| Untracked 
|  96|0x0000000088400000, 0x0000000088400000, 0x0000000088500000|  0%| F|  |TAMS 0x0000000088400000, 0x0000000088400000| Untracked 
|  97|0x0000000088500000, 0x0000000088500000, 0x0000000088600000|  0%| F|  |TAMS 0x0000000088500000, 0x0000000088500000| Untracked 
|  98|0x0000000088600000, 0x0000000088600000, 0x0000000088700000|  0%| F|  |TAMS 0x0000000088600000, 0x0000000088600000| Untracked 
|  99|0x0000000088700000, 0x0000000088800000, 0x0000000088800000|100%| S|CS|TAMS 0x0000000088700000, 0x0000000088700000| Complete 
| 100|0x0000000088800000, 0x0000000088900000, 0x0000000088900000|100%| S|CS|TAMS 0x0000000088800000, 0x0000000088800000| Complete 
| 101|0x0000000088900000, 0x0000000088a00000, 0x0000000088a00000|100%| S|CS|TAMS 0x0000000088900000, 0x0000000088900000| Complete 
| 102|0x0000000088a00000, 0x0000000088a00000, 0x0000000088b00000|  0%| F|  |TAMS 0x0000000088a00000, 0x0000000088a00000| Untracked 
| 103|0x0000000088b00000, 0x0000000088b00000, 0x0000000088c00000|  0%| F|  |TAMS 0x0000000088b00000, 0x0000000088b00000| Untracked 
| 104|0x0000000088c00000, 0x0000000088c00000, 0x0000000088d00000|  0%| F|  |TAMS 0x0000000088c00000, 0x0000000088c00000| Untracked 
| 105|0x0000000088d00000, 0x0000000088d00000, 0x0000000088e00000|  0%| F|  |TAMS 0x0000000088d00000, 0x0000000088d00000| Untracked 
| 106|0x0000000088e00000, 0x0000000088e00000, 0x0000000088f00000|  0%| F|  |TAMS 0x0000000088e00000, 0x0000000088e00000| Untracked 
| 107|0x0000000088f00000, 0x0000000088f00000, 0x0000000089000000|  0%| F|  |TAMS 0x0000000088f00000, 0x0000000088f00000| Untracked 
| 108|0x0000000089000000, 0x0000000089000000, 0x0000000089100000|  0%| F|  |TAMS 0x0000000089000000, 0x0000000089000000| Untracked 
| 109|0x0000000089100000, 0x0000000089100000, 0x0000000089200000|  0%| F|  |TAMS 0x0000000089100000, 0x0000000089100000| Untracked 
| 110|0x0000000089200000, 0x0000000089200000, 0x0000000089300000|  0%| F|  |TAMS 0x0000000089200000, 0x0000000089200000| Untracked 
| 111|0x0000000089300000, 0x0000000089400000, 0x0000000089400000|100%| E|  |TAMS 0x0000000089300000, 0x0000000089300000| Complete 
| 112|0x0000000089400000, 0x0000000089500000, 0x0000000089500000|100%| E|CS|TAMS 0x0000000089400000, 0x0000000089400000| Complete 
| 113|0x0000000089500000, 0x0000000089600000, 0x0000000089600000|100%| E|CS|TAMS 0x0000000089500000, 0x0000000089500000| Complete 
| 114|0x0000000089600000, 0x0000000089700000, 0x0000000089700000|100%| E|CS|TAMS 0x0000000089600000, 0x0000000089600000| Complete 
| 115|0x0000000089700000, 0x0000000089800000, 0x0000000089800000|100%| E|CS|TAMS 0x0000000089700000, 0x0000000089700000| Complete 
| 116|0x0000000089800000, 0x0000000089900000, 0x0000000089900000|100%| E|CS|TAMS 0x0000000089800000, 0x0000000089800000| Complete 
| 117|0x0000000089900000, 0x0000000089a00000, 0x0000000089a00000|100%| E|CS|TAMS 0x0000000089900000, 0x0000000089900000| Complete 
| 118|0x0000000089a00000, 0x0000000089b00000, 0x0000000089b00000|100%| E|CS|TAMS 0x0000000089a00000, 0x0000000089a00000| Complete 
| 119|0x0000000089b00000, 0x0000000089c00000, 0x0000000089c00000|100%| E|CS|TAMS 0x0000000089b00000, 0x0000000089b00000| Complete 
| 120|0x0000000089c00000, 0x0000000089d00000, 0x0000000089d00000|100%| E|CS|TAMS 0x0000000089c00000, 0x0000000089c00000| Complete 
| 121|0x0000000089d00000, 0x0000000089e00000, 0x0000000089e00000|100%| E|CS|TAMS 0x0000000089d00000, 0x0000000089d00000| Complete 
| 122|0x0000000089e00000, 0x0000000089f00000, 0x0000000089f00000|100%| E|CS|TAMS 0x0000000089e00000, 0x0000000089e00000| Complete 
| 123|0x0000000089f00000, 0x000000008a000000, 0x000000008a000000|100%| E|CS|TAMS 0x0000000089f00000, 0x0000000089f00000| Complete 
| 124|0x000000008a000000, 0x000000008a100000, 0x000000008a100000|100%| E|CS|TAMS 0x000000008a000000, 0x000000008a000000| Complete 
| 125|0x000000008a100000, 0x000000008a200000, 0x000000008a200000|100%| E|CS|TAMS 0x000000008a100000, 0x000000008a100000| Complete 

Card table byte_map: [0x000002a6e8440000,0x000002a6e8830000] _byte_map_base: 0x000002a6e802e000

Marking Bits (Prev, Next): (CMBitMap*) 0x000002a6d335f4d8, (CMBitMap*) 0x000002a6d335f510
 Prev Bits: [0x000002a6e8c20000, 0x000002a6eab90000)
 Next Bits: [0x000002a6eab90000, 0x000002a6ecb00000)

Polling page: 0x000002a6d3400000

Metaspace:

Usage:
  Non-class:     13.29 MB capacity,    13.11 MB ( 99%) used,   159.02 KB (  1%) free+waste,    19.88 KB ( <1%) overhead. 
      Class:      1.78 MB capacity,     1.68 MB ( 94%) used,    98.09 KB (  5%) free+waste,     9.56 KB ( <1%) overhead. 
       Both:     15.07 MB capacity,    14.79 MB ( 98%) used,   257.12 KB (  2%) free+waste,    29.44 KB ( <1%) overhead. 

Virtual space:
  Non-class space:       14.00 MB reserved,      13.50 MB ( 96%) committed 
      Class space:        1.00 GB reserved,       1.88 MB ( <1%) committed 
             Both:        1.01 GB reserved,      15.38 MB (  1%) committed 

Chunk freelists:
   Non-Class:  27.00 KB
       Class:  0 bytes
        Both:  27.00 KB

MaxMetaspaceSize: 17179869184.00 GB
CompressedClassSpaceSize: 1.00 GB

CodeHeap 'non-profiled nmethods': size=120000Kb used=565Kb max_used=565Kb free=119434Kb
 bounds [0x000002a6e00c0000, 0x000002a6e0330000, 0x000002a6e75f0000]
CodeHeap 'profiled nmethods': size=120000Kb used=2550Kb max_used=2550Kb free=117449Kb
 bounds [0x000002a6d8b90000, 0x000002a6d8e10000, 0x000002a6e00c0000]
CodeHeap 'non-nmethods': size=5760Kb used=1102Kb max_used=1128Kb free=4657Kb
 bounds [0x000002a6d85f0000, 0x000002a6d8860000, 0x000002a6d8b90000]
 total_blobs=1833 nmethods=1410 adapters=335
 compilation: enabled
              stopped_count=0, restarted_count=0
 full_count=0

Compilation events (20 events):
Event: 73.214 Thread 0x000002a6efefe000 nmethod 1405 0x000002a6d8e03d90 code [0x000002a6d8e03f60, 0x000002a6d8e04288]
Event: 73.214 Thread 0x000002a6efefe000 1409   !   3       java.util.concurrent.ScheduledThreadPoolExecutor$DelayedWorkQueue::take (203 bytes)
Event: 73.215 Thread 0x000002a6efefe000 nmethod 1409 0x000002a6d8e04390 code [0x000002a6d8e04720, 0x000002a6d8e05c88]
Event: 73.215 Thread 0x000002a6efefe000 1407   !   3       java.util.concurrent.ThreadPoolExecutor::getTask (177 bytes)
Event: 73.216 Thread 0x000002a6efefe000 nmethod 1407 0x000002a6d8e06690 code [0x000002a6d8e06920, 0x000002a6d8e07818]
Event: 73.216 Thread 0x000002a6efefe000 1408       3       java.util.concurrent.ScheduledThreadPoolExecutor$DelayedWorkQueue::take (5 bytes)
Event: 73.216 Thread 0x000002a6efefe000 nmethod 1408 0x000002a6d8e07c90 code [0x000002a6d8e07e40, 0x000002a6d8e07f68]
Event: 73.216 Thread 0x000002a6efefe000 1410       3       java.util.concurrent.locks.ReentrantLock::lockInterruptibly (9 bytes)
Event: 73.216 Thread 0x000002a6efefe000 nmethod 1410 0x000002a6d8e08010 code [0x000002a6d8e08220, 0x000002a6d8e08678]
Event: 73.216 Thread 0x000002a6efefe000 1411       3       java.util.concurrent.locks.AbstractQueuedSynchronizer::acquireInterruptibly (28 bytes)
Event: 73.216 Thread 0x000002a6efefe000 nmethod 1411 0x000002a6d8e08810 code [0x000002a6d8e08a00, 0x000002a6d8e08df8]
Event: 73.216 Thread 0x000002a6efefe000 1406       3       java.util.concurrent.ScheduledThreadPoolExecutor::reExecutePeriodic (49 bytes)
Event: 73.216 Thread 0x000002a6efefe000 nmethod 1406 0x000002a6d8e08f90 code [0x000002a6d8e091c0, 0x000002a6d8e09828]
Event: 79.200 Thread 0x000002a6efefe000 1412       3       org.gradle.internal.logging.sink.OutputEventListenerManager$1::onOutput (33 bytes)
Event: 79.200 Thread 0x000002a6efefe000 nmethod 1412 0x000002a6d8e09a10 code [0x000002a6d8e09be0, 0x000002a6d8e09ed8]
Event: 79.202 Thread 0x000002a6efefe000 1413   !   3       org.gradle.internal.serialize.kryo.KryoBackedDecoder::readBoolean (15 bytes)
Event: 79.203 Thread 0x000002a6efefe000 nmethod 1413 0x000002a6d8e0a090 code [0x000002a6d8e0a2c0, 0x000002a6d8e0a968]
Event: 79.203 Thread 0x000002a6efef8800 1414       4       org.gradle.internal.operations.OperationIdentifier::<init> (26 bytes)
Event: 79.205 Thread 0x000002a6efef8800 nmethod 1414 0x000002a6e014d090 code [0x000002a6e014d220, 0x000002a6e014d2b8]
Event: 79.205 Thread 0x000002a6efef8800 1415       4       org.gradle.internal.logging.sink.OutputEventTransformer::onOutput (399 bytes)

GC Heap History (2 events):
Event: 9.349 GC heap before
{Heap before GC invocations=0 (full 0):
 garbage-first heap   total 129024K, used 30720K [0x0000000082400000, 0x0000000100000000)
  region size 1024K, 24 young (24576K), 0 survivors (0K)
 Metaspace       used 11542K, capacity 11766K, committed 11904K, reserved 1060864K
  class space    used 1241K, capacity 1304K, committed 1408K, reserved 1048576K
}
Event: 9.354 GC heap after
{Heap after GC invocations=1 (full 0):
 garbage-first heap   total 129024K, used 8767K [0x0000000082400000, 0x0000000100000000)
  region size 1024K, 3 young (3072K), 3 survivors (3072K)
 Metaspace       used 11542K, capacity 11766K, committed 11904K, reserved 1060864K
  class space    used 1241K, capacity 1304K, committed 1408K, reserved 1048576K
}

Deoptimization events (20 events):
Event: 79.198 Thread 0x000002a6d327a000 Uncommon trap: trap_request=0xffffffde fr.pc=0x000002a6e0134208 relative=0x0000000000000fa8
Event: 79.198 Thread 0x000002a6d327a000 Uncommon trap: reason=class_check action=maybe_recompile pc=0x000002a6e0134208 method=org.gradle.internal.logging.sink.OutputEventTransformer.onOutput(Lorg/gradle/internal/logging/events/OutputEvent;)V @ 287 c2
Event: 79.198 Thread 0x000002a6d327a000 DEOPT PACKING pc=0x000002a6e0134208 sp=0x000000b8a48fd750
Event: 79.198 Thread 0x000002a6d327a000 DEOPT UNPACKING pc=0x000002a6d86178af sp=0x000000b8a48fd6f8 mode 2
Event: 79.198 Thread 0x000002a6d327a000 Uncommon trap: trap_request=0xffffff4d fr.pc=0x000002a6e012ec04 relative=0x0000000000000324
Event: 79.198 Thread 0x000002a6d327a000 Uncommon trap: reason=unstable_if action=reinterpret pc=0x000002a6e012ec04 method=org.gradle.internal.logging.sink.OutputEventRenderer.onOutput(Lorg/gradle/internal/logging/events/OutputEvent;)V @ 24 c2
Event: 79.198 Thread 0x000002a6d327a000 DEOPT PACKING pc=0x000002a6e012ec04 sp=0x000000b8a48fd7e0
Event: 79.198 Thread 0x000002a6d327a000 DEOPT UNPACKING pc=0x000002a6d86178af sp=0x000000b8a48fd798 mode 2
Event: 79.198 Thread 0x000002a6d327a000 Uncommon trap: trap_request=0xffffffde fr.pc=0x000002a6e0134208 relative=0x0000000000000fa8
Event: 79.198 Thread 0x000002a6d327a000 Uncommon trap: reason=class_check action=maybe_recompile pc=0x000002a6e0134208 method=org.gradle.internal.logging.sink.OutputEventTransformer.onOutput(Lorg/gradle/internal/logging/events/OutputEvent;)V @ 287 c2
Event: 79.198 Thread 0x000002a6d327a000 DEOPT PACKING pc=0x000002a6e0134208 sp=0x000000b8a48fd750
Event: 79.198 Thread 0x000002a6d327a000 DEOPT UNPACKING pc=0x000002a6d86178af sp=0x000000b8a48fd6f8 mode 2
Event: 79.198 Thread 0x000002a6d327a000 Uncommon trap: trap_request=0xffffffde fr.pc=0x000002a6e0134208 relative=0x0000000000000fa8
Event: 79.198 Thread 0x000002a6d327a000 Uncommon trap: reason=class_check action=maybe_recompile pc=0x000002a6e0134208 method=org.gradle.internal.logging.sink.OutputEventTransformer.onOutput(Lorg/gradle/internal/logging/events/OutputEvent;)V @ 287 c2
Event: 79.198 Thread 0x000002a6d327a000 DEOPT PACKING pc=0x000002a6e0134208 sp=0x000000b8a48fd760
Event: 79.198 Thread 0x000002a6d327a000 DEOPT UNPACKING pc=0x000002a6d86178af sp=0x000000b8a48fd708 mode 2
Event: 79.198 Thread 0x000002a6d327a000 Uncommon trap: trap_request=0xffffffde fr.pc=0x000002a6e0134208 relative=0x0000000000000fa8
Event: 79.198 Thread 0x000002a6d327a000 Uncommon trap: reason=class_check action=maybe_recompile pc=0x000002a6e0134208 method=org.gradle.internal.logging.sink.OutputEventTransformer.onOutput(Lorg/gradle/internal/logging/events/OutputEvent;)V @ 287 c2
Event: 79.199 Thread 0x000002a6d327a000 DEOPT PACKING pc=0x000002a6e0134208 sp=0x000000b8a48fd760
Event: 79.199 Thread 0x000002a6d327a000 DEOPT UNPACKING pc=0x000002a6d86178af sp=0x000000b8a48fd708 mode 2

Classes redefined (0 events):
No events

Internal exceptions (11 events):
Event: 0.520 Thread 0x000002a6d327a000 Exception <a 'java/lang/NoSuchMethodError'{0x0000000089f46a18}: 'int java.lang.invoke.DirectMethodHandle$Holder.invokeSpecialIFC(java.lang.Object, java.lang.Object, int)'> (0x0000000089f46a18) thrown at [./src/hotspot/share/interpreter/linkResolver.cpp, line 773]
Event: 0.930 Thread 0x000002a6d327a000 Exception <a 'java/lang/NoSuchMethodError'{0x0000000089d127d0}: 'int java.lang.invoke.DirectMethodHandle$Holder.invokeStaticInit(java.lang.Object, java.lang.Object)'> (0x0000000089d127d0) thrown at [./src/hotspot/share/interpreter/linkResolver.cpp, line 773]
Event: 1.077 Thread 0x000002a6d327a000 Exception <a 'java/lang/NoSuchMethodError'{0x0000000089dc78c8}: 'int java.lang.invoke.DirectMethodHandle$Holder.invokeSpecial(java.lang.Object, java.lang.Object, java.lang.Object, java.lang.Object)'> (0x0000000089dc78c8) thrown at [./src/hotspot/share/interpreter/linkResolver.cpp, line 773]
Event: 8.800 Thread 0x000002a6d327a000 Exception <a 'java/lang/NoClassDefFoundError'{0x0000000088e879e0}: org/slf4j/impl/StaticMarkerBinder> (0x0000000088e879e0) thrown at [./src/hotspot/share/classfile/systemDictionary.cpp, line 220]
Event: 9.117 Thread 0x000002a6d327a000 Exception <a 'java/lang/NoSuchMethodError'{0x0000000088d19348}: 'java.lang.Object java.lang.invoke.DirectMethodHandle$Holder.invokeVirtual(java.lang.Object, java.lang.Object, java.lang.Object, java.lang.Object, java.lang.Object)'> (0x0000000088d19348) thrown at [./src/hotspot/share/interpreter/linkResolver.cpp, line 773]
Event: 9.343 Thread 0x000002a6d327a000 Exception <a 'java/lang/NoSuchMethodError'{0x0000000088aabf28}: 'java.lang.Object java.lang.invoke.Invokers$Holder.invoker(java.lang.Object, java.lang.Object, java.lang.Object, java.lang.Object, java.lang.Object)'> (0x0000000088aabf28) thrown at [./src/hotspot/share/interpreter/linkResolver.cpp, line 773]
Event: 9.345 Thread 0x000002a6d327a000 Exception <a 'java/lang/NoSuchMethodError'{0x0000000088abcc08}: 'void java.lang.invoke.DelegatingMethodHandle$Holder.delegate(java.lang.Object, java.lang.Object, int, java.lang.Object)'> (0x0000000088abcc08) thrown at [./src/hotspot/share/interpreter/linkResolver.cpp, line 773]
Event: 9.438 Thread 0x000002a6d327a000 Exception <a 'java/lang/NoSuchMethodError'{0x0000000089fb5030}: 'java.lang.Object java.lang.invoke.DirectMethodHandle$Holder.invokeStaticInit(java.lang.Object, java.lang.Object, java.lang.Object)'> (0x0000000089fb5030) thrown at [./src/hotspot/share/interpreter/linkResolver.cpp, line 773]
Event: 9.449 Thread 0x000002a6d327a000 Implicit null exception at 0x000002a6e0104375 to 0x000002a6e0104570
Event: 9.527 Thread 0x000002a6d327a000 Exception <a 'java/lang/NoSuchMethodError'{0x0000000089905d78}: 'java.lang.Object java.lang.invoke.DirectMethodHandle$Holder.invokeStaticInit(java.lang.Object, int, int, int, int)'> (0x0000000089905d78) thrown at [./src/hotspot/share/interpreter/linkResolver.cpp, line 773]
Event: 9.802 Thread 0x000002a6d327a000 Exception <a 'java/lang/NoSuchMethodError'{0x00000000899d8fb0}: 'java.lang.Object java.lang.invoke.DirectMethodHandle$Holder.invokeStaticInit(java.lang.Object, java.lang.Object, int, int, int, int)'> (0x00000000899d8fb0) thrown at [./src/hotspot/share/interpreter/linkResolver.cpp, line 773]

Events (20 events):
Event: 17.953 loading class jdk/internal/reflect/ClassFileAssembler
Event: 17.954 loading class jdk/internal/reflect/ClassFileAssembler done
Event: 17.954 loading class jdk/internal/reflect/UTF8
Event: 17.954 loading class jdk/internal/reflect/UTF8 done
Event: 17.955 loading class jdk/internal/reflect/Label
Event: 17.956 loading class jdk/internal/reflect/Label done
Event: 17.956 loading class jdk/internal/reflect/Label$PatchInfo
Event: 17.956 loading class jdk/internal/reflect/Label$PatchInfo done
Event: 17.956 loading class jdk/internal/reflect/MethodAccessorGenerator$1
Event: 17.956 loading class jdk/internal/reflect/MethodAccessorGenerator$1 done
Event: 17.956 loading class jdk/internal/reflect/ClassDefiner
Event: 17.956 loading class jdk/internal/reflect/ClassDefiner done
Event: 17.956 loading class jdk/internal/reflect/ClassDefiner$1
Event: 17.956 loading class jdk/internal/reflect/ClassDefiner$1 done
Event: 47.258 loading class org/gradle/internal/logging/events/StyledTextOutputEvent$Span
Event: 47.259 loading class org/gradle/internal/logging/events/StyledTextOutputEvent$Span done
Event: 47.277 loading class org/gradle/internal/logging/events/operations/StyledTextBuildOperationProgressDetails$Span
Event: 47.277 loading class org/gradle/internal/logging/events/operations/StyledTextBuildOperationProgressDetails$Span done
Event: 47.311 loading class org/gradle/internal/logging/text/AbstractLineChoppingStyledTextOutput$StateContext
Event: 47.311 loading class org/gradle/internal/logging/text/AbstractLineChoppingStyledTextOutput$StateContext done


Dynamic libraries:
0x00007ff786110000 - 0x00007ff78611a000 	C:\Program Files\Android\Android Studio1\jre\bin\java.exe
0x00007ffc3a1b0000 - 0x00007ffc3a3a8000 	C:\WINDOWS\SYSTEM32\ntdll.dll
0x00007ffc39b50000 - 0x00007ffc39c0d000 	C:\WINDOWS\System32\KERNEL32.DLL
0x00007ffc379d0000 - 0x00007ffc37c9e000 	C:\WINDOWS\System32\KERNELBASE.dll
0x00007ffc38110000 - 0x00007ffc38210000 	C:\WINDOWS\System32\ucrtbase.dll
0x00007ffc08930000 - 0x00007ffc08949000 	C:\Program Files\Android\Android Studio1\jre\bin\jli.dll
0x00007ffc08910000 - 0x00007ffc08927000 	C:\Program Files\Android\Android Studio1\jre\bin\VCRUNTIME140.dll
0x00007ffc39fd0000 - 0x00007ffc3a170000 	C:\WINDOWS\System32\USER32.dll
0x00007ffc37d30000 - 0x00007ffc37d52000 	C:\WINDOWS\System32\win32u.dll
0x00007ffc39fa0000 - 0x00007ffc39fca000 	C:\WINDOWS\System32\GDI32.dll
0x00007ffc38000000 - 0x00007ffc3810b000 	C:\WINDOWS\System32\gdi32full.dll
0x00007ffc25890000 - 0x00007ffc25b2a000 	C:\WINDOWS\WinSxS\amd64_microsoft.windows.common-controls_6595b64144ccf1df_6.0.19041.1110_none_60b5254171f9507e\COMCTL32.dll
0x00007ffc37ec0000 - 0x00007ffc37f5d000 	C:\WINDOWS\System32\msvcp_win.dll
0x00007ffc39c10000 - 0x00007ffc39cae000 	C:\WINDOWS\System32\msvcrt.dll
0x00007ffc39680000 - 0x00007ffc396b0000 	C:\WINDOWS\System32\IMM32.DLL
0x00007ffbf0940000 - 0x00007ffbf09dd000 	C:\Program Files\Android\Android Studio1\jre\bin\msvcp140.dll
0x00007ffb8a0a0000 - 0x00007ffb8ab6f000 	C:\Program Files\Android\Android Studio1\jre\bin\server\jvm.dll
0x00007ffc394c0000 - 0x00007ffc3956e000 	C:\WINDOWS\System32\ADVAPI32.dll
0x00007ffc382e0000 - 0x00007ffc3837c000 	C:\WINDOWS\System32\sechost.dll
0x00007ffc39830000 - 0x00007ffc39955000 	C:\WINDOWS\System32\RPCRT4.dll
0x00007ffc383e0000 - 0x00007ffc383e8000 	C:\WINDOWS\System32\PSAPI.DLL
0x00007ffc2e3e0000 - 0x00007ffc2e3ea000 	C:\WINDOWS\SYSTEM32\VERSION.dll
0x00007ffc266b0000 - 0x00007ffc266d7000 	C:\WINDOWS\SYSTEM32\WINMM.dll
0x00007ffc25270000 - 0x00007ffc25279000 	C:\WINDOWS\SYSTEM32\WSOCK32.dll
0x00007ffc39960000 - 0x00007ffc399cb000 	C:\WINDOWS\System32\ws2_32.DLL
0x00007ffc36170000 - 0x00007ffc36182000 	C:\WINDOWS\SYSTEM32\kernel.appcore.dll
0x00007ffc2b8b0000 - 0x00007ffc2b8c1000 	C:\Program Files\Android\Android Studio1\jre\bin\verify.dll
0x00007ffc32520000 - 0x00007ffc32704000 	C:\WINDOWS\SYSTEM32\DBGHELP.DLL
0x00007ffc2bdf0000 - 0x00007ffc2be1c000 	C:\WINDOWS\SYSTEM32\dbgcore.DLL
0x00007ffc37ca0000 - 0x00007ffc37d22000 	C:\WINDOWS\System32\bcryptPrimitives.dll
0x00007ffc06690000 - 0x00007ffc066b9000 	C:\Program Files\Android\Android Studio1\jre\bin\java.dll
0x00007ffc2e850000 - 0x00007ffc2e85b000 	C:\Program Files\Android\Android Studio1\jre\bin\jimage.dll
0x00007ffc2b890000 - 0x00007ffc2b8a8000 	C:\Program Files\Android\Android Studio1\jre\bin\zip.dll
0x00007ffc383f0000 - 0x00007ffc38b33000 	C:\WINDOWS\System32\SHELL32.dll
0x00007ffc35970000 - 0x00007ffc36105000 	C:\WINDOWS\SYSTEM32\windows.storage.dll
0x00007ffc38fb0000 - 0x00007ffc39304000 	C:\WINDOWS\System32\combase.dll
0x00007ffc37330000 - 0x00007ffc37360000 	C:\WINDOWS\SYSTEM32\Wldp.dll
0x00007ffc39e60000 - 0x00007ffc39f0d000 	C:\WINDOWS\System32\SHCORE.dll
0x00007ffc38380000 - 0x00007ffc383d5000 	C:\WINDOWS\System32\shlwapi.dll
0x00007ffc37810000 - 0x00007ffc3782f000 	C:\WINDOWS\SYSTEM32\profapi.dll
0x00007ffc28180000 - 0x00007ffc2819a000 	C:\Program Files\Android\Android Studio1\jre\bin\net.dll
0x00007ffc2de10000 - 0x00007ffc2df1a000 	C:\WINDOWS\SYSTEM32\WINHTTP.dll
0x00007ffc37090000 - 0x00007ffc370fa000 	C:\WINDOWS\system32\mswsock.dll
0x00007ffc280f0000 - 0x00007ffc28104000 	C:\Program Files\Android\Android Studio1\jre\bin\nio.dll
0x00007ffc07930000 - 0x00007ffc07957000 	C:\Users\user\.gradle\native\f6784746aeab05261644944871eae4fe03e0ef1612fff0a4a95f87b438bc6780\windows-amd64\native-platform.dll
0x00007ffc2e110000 - 0x00007ffc2e11a000 	C:\Program Files\Android\Android Studio1\jre\bin\management.dll
0x00007ffc2d990000 - 0x00007ffc2d99c000 	C:\Program Files\Android\Android Studio1\jre\bin\management_ext.dll
0x00007ffc37280000 - 0x00007ffc37298000 	C:\WINDOWS\SYSTEM32\CRYPTSP.dll
0x00007ffc369a0000 - 0x00007ffc369d4000 	C:\WINDOWS\system32\rsaenh.dll
0x00007ffc37f60000 - 0x00007ffc37f87000 	C:\WINDOWS\System32\bcrypt.dll
0x00007ffc377d0000 - 0x00007ffc377fe000 	C:\WINDOWS\SYSTEM32\USERENV.dll
0x00007ffc372a0000 - 0x00007ffc372ac000 	C:\WINDOWS\SYSTEM32\CRYPTBASE.dll
0x00007ffc36d30000 - 0x00007ffc36d6b000 	C:\WINDOWS\SYSTEM32\IPHLPAPI.DLL
0x00007ffc39310000 - 0x00007ffc39318000 	C:\WINDOWS\System32\NSI.dll
0x00007ffc2c8f0000 - 0x00007ffc2c907000 	C:\WINDOWS\SYSTEM32\dhcpcsvc6.DLL
0x00007ffc2ccb0000 - 0x00007ffc2cccd000 	C:\WINDOWS\SYSTEM32\dhcpcsvc.DLL
0x00007ffc36d70000 - 0x00007ffc36e3a000 	C:\WINDOWS\SYSTEM32\DNSAPI.dll
0x00007ffc2d200000 - 0x00007ffc2d20b000 	C:\WINDOWS\SYSTEM32\WINNSI.DLL

dbghelp: loaded successfully - version: 4.0.5 - missing functions: none
symbol engine: initialized successfully - sym options: 0x614 - pdb path: .;C:\Program Files\Android\Android Studio1\jre\bin;C:\WINDOWS\SYSTEM32;C:\WINDOWS\WinSxS\amd64_microsoft.windows.common-controls_6595b64144ccf1df_6.0.19041.1110_none_60b5254171f9507e;C:\Program Files\Android\Android Studio1\jre\bin\server;C:\Users\user\.gradle\native\f6784746aeab05261644944871eae4fe03e0ef1612fff0a4a95f87b438bc6780\windows-amd64

VM Arguments:
jvm_args: -Dorg.gradle.appname=gradlew 
java_command: org.gradle.wrapper.GradleWrapperMain -q -Ptarget-platform=android-arm64 -Ptarget=C:\Users\user\Desktop\vote_test\lib\main.dart -Pbase-application-name=android.app.Application -Pdart-defines=Zmx1dHRlci5pbnNwZWN0b3Iuc3RydWN0dXJlZEVycm9ycz10cnVl,RkxVVFRFUl9XRUJfQVVUT19ERVRFQ1Q9dHJ1ZQ== -Pdart-obfuscation=false -Pextra-front-end-options=--no-sound-null-safety -Ptrack-widget-creation=true -Ptree-shake-icons=false -Pfilesystem-scheme=org-dartlang-root assembleDebug
java_class_path (initial): C:\Users\user\Desktop\vote_test\android\\gradle\wrapper\gradle-wrapper.jar
Launcher Type: SUN_STANDARD

[Global flags]
     intx CICompilerCount                          = 4                                         {product} {ergonomic}
     uint ConcGCThreads                            = 2                                         {product} {ergonomic}
     uint G1ConcRefinementThreads                  = 8                                         {product} {ergonomic}
   size_t G1HeapRegionSize                         = 1048576                                   {product} {ergonomic}
    uintx GCDrainStackTargetSize                   = 64                                        {product} {ergonomic}
   size_t InitialHeapSize                          = 132120576                                 {product} {ergonomic}
   size_t MarkStackSize                            = 4194304                                   {product} {ergonomic}
   size_t MaxHeapSize                              = 2109734912                                {product} {ergonomic}
   size_t MaxNewSize                               = 1265631232                                {product} {ergonomic}
   size_t MinHeapDeltaBytes                        = 1048576                                   {product} {ergonomic}
    uintx NonNMethodCodeHeapSize                   = 5836300                                {pd product} {ergonomic}
    uintx NonProfiledCodeHeapSize                  = 122910970                              {pd product} {ergonomic}
    uintx ProfiledCodeHeapSize                     = 122910970                              {pd product} {ergonomic}
    uintx ReservedCodeCacheSize                    = 251658240                              {pd product} {ergonomic}
     bool SegmentedCodeCache                       = true                                      {product} {ergonomic}
     bool UseCompressedClassPointers               = true                                 {lp64_product} {ergonomic}
     bool UseCompressedOops                        = true                                 {lp64_product} {ergonomic}
     bool UseG1GC                                  = true                                      {product} {ergonomic}
     bool UseLargePagesIndividualAllocation        = false                                  {pd product} {ergonomic}

Logging:
Log output configuration:
 #0: stdout all=warning uptime,level,tags
 #1: stderr all=off uptime,level,tags

Environment Variables:
JAVA_HOME=C:\Program Files\Android\Android Studio1\jre
CLASSPATH=C:\Users\user\Desktop\vote_test\android\\gradle\wrapper\gradle-wrapper.jar
PATH=C:\Users\user\anaconda3\condabin;C:\Program Files\NVIDIA GPU Computing Toolkit\CUDA\v11.2\bin;C:\Program Files\NVIDIA GPU Computing Toolkit\CUDA\v11.2\libnvvp;C:\Program Files\Java\jdk-15.0.1\bin;c:\windows\system32;C:\Program Files\Git\cmd;C:\Program Files\MySQL\MySQL Server 8.0\bin;C:\Program Files\nodejs;C:\ProgramData\chocolatey\bin;C:\Windows\System32\WindowsPowerShell\v1.0;C:\Program Files\NVIDIA Corporation\Nsight Compute 2020.3.0\;C:\Program Files (x86)\NVIDIA Corporation\PhysX\Common;C:\Program Files\NVIDIA Corporation\NVIDIA NvDLISR;C:\Program Files\NVIDIA GPU Computing Toolkit\CUDA\v11.2\libnvvp;C:\Program Files\NVIDIA GPU Computing Toolkit\CUDA\v11.2\bin;C:\Users\user\Desktop\flutter\bin;C:\Users\user\AppData\Local\Programs\Python\Python39\Scripts\;C:\Users\user\AppData\Local\Programs\Python\Python39\;C:\Users\user\AppData\Local\Microsoft\WindowsApps;"C:\Program Files\Java\jdk-15.0.1\bin;C:\Program Files\Java\jdk-15.0.1";C:\Program Files\JetBrains\IntelliJ IDEA Community Edition 2021.1\bin;;C:\Users\user\AppData\Local\Programs\Microsoft VS Code\bin;C:\Users\user\AppData\Local\Google\Cloud SDK\google-cloud-sdk\bin;C:\Users\user\Documents\software\apache-maven-3.8.2-bin\apache-maven-3.8.2\bin;C:\Users\user\AppData\Roaming\npm;C:\Users\user\anaconda3\Scripts;C:\ffmpeg\bin;C:\Users\user\Desktop\flutter\bin;;C:\Users\user\Desktop\flutter\bin\mingit\cmd
USERNAME=user
OS=Windows_NT
PROCESSOR_IDENTIFIER=Intel64 Family 6 Model 142 Stepping 11, GenuineIntel



---------------  S Y S T E M  ---------------

OS: Windows 10 , 64 bit Build 19041 (10.0.19041.1889)
OS uptime: 4 days 13:38 hours

CPU:total 8 (initial active 8) (4 cores per cpu, 2 threads per core) family 6 model 142 stepping 11 microcode 0xae, cmov, cx8, fxsr, mmx, sse, sse2, sse3, ssse3, sse4.1, sse4.2, popcnt, avx, avx2, aes, clmul, erms, 3dnowpref, lzcnt, ht, tsc, tscinvbit, bmi1, bmi2, adx, fma

Memory: 4k page, system-wide physical 8043M (224M free)
TotalPageFile size 32619M (AvailPageFile size 186M)
current process WorkingSet (physical memory assigned to process): 29M, peak: 92M
current process commit charge ("private bytes"): 223M, peak: 229M

vm_info: OpenJDK 64-Bit Server VM (11.0.10+0-b96-7249189) for windows-amd64 JRE (11.0.10+0-b96-7249189), built on Mar 31 2021 21:44:00 by "builder" with MS VC++ 14.0 (VS2015)

END.
